# JRE version: OpenJDK Runtime Environment (Red_Hat-17.0.14.0+7-1) (17.0.14+7) (build 17.0.14+7-LTS)
# Java VM: OpenJDK 64-Bit Server VM (Red_Hat-17.0.14.0+7-1) (17.0.14+7-LTS, mixed mode, sharing, tiered, compressed oops, compressed class ptrs, g1 gc, windows-amd64)
GC Precious Log:
 CPUs: 4 total, 4 available
 Memory: 7975M
 Large Page Support: Disabled
 NUMA Support: Disabled
 Compressed Oops: Enabled (Zero based)
 Heap Region Size: 4M
 Heap Min Capacity: 8M
 Heap Initial Capacity: 128M
 Heap Max Capacity: 4608M
 Pre-touch: Disabled
 Parallel Workers: 4
 Concurrent Workers: 1
 Concurrent Refinement Workers: 4
 Periodic GC: Disabled
Heap:
 garbage-first heap   total 303104K, used 156982K [0x00000006e0000000, 0x0000000800000000)
  region size 4096K, 1 young (4096K), 1 survivors (4096K)
 Metaspace       used 140369K, committed 141440K, reserved 983040K
  class space    used 17808K, committed 18304K, reserved 851968K
GC Heap History (20 events):
Event: 49.978 GC heap after
{Heap after GC invocations=50 (full 0):
 garbage-first heap   total 266240K, used 128393K [0x00000006e0000000, 0x0000000800000000)
  region size 4096K, 3 young (12288K), 3 survivors (12288K)
 Metaspace       used 126802K, committed 127680K, reserved 983040K
  class space    used 16473K, committed 16896K, reserved 851968K
}
Event: 52.142 GC heap before
{Heap before GC invocations=50 (full 0):
 garbage-first heap   total 266240K, used 169353K [0x00000006e0000000, 0x0000000800000000)
  region size 4096K, 14 young (57344K), 3 survivors (12288K)
 Metaspace       used 130156K, committed 131072K, reserved 983040K
  class space    used 17008K, committed 17408K, reserved 851968K
}
Event: 52.150 GC heap after
{Heap after GC invocations=51 (full 0):
 garbage-first heap   total 266240K, used 129485K [0x00000006e0000000, 0x0000000800000000)
  region size 4096K, 2 young (8192K), 2 survivors (8192K)
 Metaspace       used 130156K, committed 131072K, reserved 983040K
  class space    used 17008K, committed 17408K, reserved 851968K
}
Event: 58.793 GC heap before
{Heap before GC invocations=52 (full 0):
 garbage-first heap   total 266240K, used 215501K [0x00000006e0000000, 0x0000000800000000)
  region size 4096K, 23 young (94208K), 2 survivors (8192K)
 Metaspace       used 132717K, committed 133632K, reserved 983040K
  class space    used 17334K, committed 17728K, reserved 851968K
}
Event: 58.802 GC heap after
{Heap after GC invocations=53 (full 0):
 garbage-first heap   total 266240K, used 138429K [0x00000006e0000000, 0x0000000800000000)
  region size 4096K, 3 young (12288K), 3 survivors (12288K)
 Metaspace       used 132717K, committed 133632K, reserved 983040K
  class space    used 17334K, committed 17728K, reserved 851968K
}
Event: 60.350 GC heap before
{Heap before GC invocations=53 (full 0):
 garbage-first heap   total 266240K, used 216253K [0x00000006e0000000, 0x0000000800000000)
  region size 4096K, 22 young (90112K), 3 survivors (12288K)
 Metaspace       used 133047K, committed 134016K, reserved 983040K
  class space    used 17338K, committed 17792K, reserved 851968K
}
Event: 60.365 GC heap after
{Heap after GC invocations=54 (full 0):
 garbage-first heap   total 266240K, used 145921K [0x00000006e0000000, 0x0000000800000000)
  region size 4096K, 3 young (12288K), 3 survivors (12288K)
 Metaspace       used 133047K, committed 134016K, reserved 983040K
  class space    used 17338K, committed 17792K, reserved 851968K
}
Event: 65.682 GC heap before
{Heap before GC invocations=55 (full 0):
 garbage-first heap   total 266240K, used 215553K [0x00000006e0000000, 0x0000000800000000)
  region size 4096K, 20 young (81920K), 3 survivors (12288K)
 Metaspace       used 136682K, committed 137664K, reserved 983040K
  class space    used 17572K, committed 17984K, reserved 851968K
}
Event: 65.751 GC heap after
{Heap after GC invocations=56 (full 0):
 garbage-first heap   total 266240K, used 154680K [0x00000006e0000000, 0x0000000800000000)
  region size 4096K, 3 young (12288K), 3 survivors (12288K)
 Metaspace       used 136682K, committed 137664K, reserved 983040K
  class space    used 17572K, committed 17984K, reserved 851968K
}
Event: 68.545 GC heap before
{Heap before GC invocations=56 (full 0):
 garbage-first heap   total 266240K, used 212024K [0x00000006e0000000, 0x0000000800000000)
  region size 4096K, 17 young (69632K), 3 survivors (12288K)
 Metaspace       used 138747K, committed 139776K, reserved 983040K
  class space    used 17785K, committed 18240K, reserved 851968K
}
Event: 68.566 GC heap after
{Heap after GC invocations=57 (full 0):
 garbage-first heap   total 266240K, used 159749K [0x00000006e0000000, 0x0000000800000000)
  region size 4096K, 2 young (8192K), 2 survivors (8192K)
 Metaspace       used 138747K, committed 139776K, reserved 983040K
  class space    used 17785K, committed 18240K, reserved 851968K
}
Event: 70.111 GC heap before
{Heap before GC invocations=58 (full 0):
 garbage-first heap   total 294912K, used 212997K [0x00000006e0000000, 0x0000000800000000)
  region size 4096K, 15 young (61440K), 2 survivors (8192K)
 Metaspace       used 138800K, committed 139840K, reserved 983040K
  class space    used 17785K, committed 18240K, reserved 851968K
}
Event: 70.126 GC heap after
{Heap after GC invocations=59 (full 0):
 garbage-first heap   total 294912K, used 164089K [0x00000006e0000000, 0x0000000800000000)
  region size 4096K, 2 young (8192K), 2 survivors (8192K)
 Metaspace       used 138800K, committed 139840K, reserved 983040K
  class space    used 17785K, committed 18240K, reserved 851968K
}
Event: 70.137 GC heap before
{Heap before GC invocations=59 (full 0):
 garbage-first heap   total 294912K, used 168185K [0x00000006e0000000, 0x0000000800000000)
  region size 4096K, 3 young (12288K), 2 survivors (8192K)
 Metaspace       used 138800K, committed 139840K, reserved 983040K
  class space    used 17785K, committed 18240K, reserved 851968K
}
Event: 70.154 GC heap after
{Heap after GC invocations=60 (full 0):
 garbage-first heap   total 294912K, used 158154K [0x00000006e0000000, 0x0000000800000000)
  region size 4096K, 1 young (4096K), 1 survivors (4096K)
 Metaspace       used 138800K, committed 139840K, reserved 983040K
  class space    used 17785K, committed 18240K, reserved 851968K
}
Event: 75.843 GC heap before
{Heap before GC invocations=60 (full 0):
 garbage-first heap   total 294912K, used 235978K [0x00000006e0000000, 0x0000000800000000)
  region size 4096K, 20 young (81920K), 1 survivors (4096K)
 Metaspace       used 140222K, committed 141312K, reserved 983040K
  class space    used 17808K, committed 18304K, reserved 851968K
}
Event: 75.865 GC heap after
{Heap after GC invocations=61 (full 0):
 garbage-first heap   total 294912K, used 167323K [0x00000006e0000000, 0x0000000800000000)
  region size 4096K, 3 young (12288K), 3 survivors (12288K)
 Metaspace       used 140222K, committed 141312K, reserved 983040K
  class space    used 17808K, committed 18304K, reserved 851968K
}
Event: 78.364 GC heap before
{Heap before GC invocations=62 (full 0):
 garbage-first heap   total 303104K, used 232859K [0x00000006e0000000, 0x0000000800000000)
  region size 4096K, 19 young (77824K), 3 survivors (12288K)
 Metaspace       used 140340K, committed 141440K, reserved 983040K
  class space    used 17808K, committed 18304K, reserved 851968K
}
Event: 78.404 GC heap after
{Heap after GC invocations=63 (full 0):
 garbage-first heap   total 303104K, used 174504K [0x00000006e0000000, 0x0000000800000000)
  region size 4096K, 2 young (8192K), 2 survivors (8192K)
 Metaspace       used 140340K, committed 141440K, reserved 983040K
  class space    used 17808K, committed 18304K, reserved 851968K
}
Event: 78.509 GC heap before
{Heap before GC invocations=63 (full 0):
 garbage-first heap   total 303104K, used 178600K [0x00000006e0000000, 0x0000000800000000)
  region size 4096K, 3 young (12288K), 2 survivors (8192K)
 Metaspace       used 140369K, committed 141440K, reserved 983040K
  class space    used 17808K, committed 18304K, reserved 851968K
}

