# JRE version: OpenJDK Runtime Environment Temurin-21.0.8+9 (21.0.8+9) (build 21.0.8+9-LTS)
# Java VM: OpenJDK 64-Bit Server VM Temurin-21.0.8+9 (21.0.8+9-LTS, mixed mode, sharing, tiered, compressed oops, compressed class ptrs, parallel gc, windows-amd64)
GC Precious Log:
 CardTable entry size: 512
 CPUs: 4 total, 4 available
 Memory: 7975M
 Large Page Support: Disabled
 NUMA Support: Disabled
 Compressed Oops: Enabled (32-bit)
 Alignments: Space 512K, Generation 512K, Heap 2M
 Heap Min Capacity: 100M
 Heap Initial Capacity: 100M
 Heap Max Capacity: 2G
 Pre-touch: Disabled
 Parallel Workers: 4
Heap:
 PSYoungGen      total 15872K, used 4096K [0x00000000d5580000, 0x00000000d6f80000, 0x0000000100000000)
  eden space 11776K, 0% used [0x00000000d5580000,0x00000000d5580000,0x00000000d6100000)
  from space 4096K, 100% used [0x00000000d6b80000,0x00000000d6f80000,0x00000000d6f80000)
  to   space 6144K, 0% used [0x00000000d6380000,0x00000000d6380000,0x00000000d6980000)
 ParOldGen       total 1264128K, used 264764K [0x0000000080000000, 0x00000000cd280000, 0x00000000d5580000)
  object space 1264128K, 20% used [0x0000000080000000,0x000000009028f3d0,0x00000000cd280000)
 Metaspace       used 90866K, committed 93184K, reserved 1179648K
  class space    used 10518K, committed 11520K, reserved 1048576K
GC Heap History (20 events):
Event: 26579.123 GC heap before
{Heap before GC invocations=5538 (full 5):
 PSYoungGen      total 5632K, used 5632K [0x00000000d5580000, 0x00000000d6480000, 0x0000000100000000)
  eden space 5120K, 100% used [0x00000000d5580000,0x00000000d5a80000,0x00000000d5a80000)
  from space 512K, 100% used [0x00000000d5a80000,0x00000000d5b00000,0x00000000d5b00000)
  to   space 5120K, 0% used [0x00000000d5f80000,0x00000000d5f80000,0x00000000d6480000)
 ParOldGen       total 1264128K, used 202853K [0x0000000080000000, 0x00000000cd280000, 0x00000000d5580000)
  object space 1264128K, 16% used [0x0000000080000000,0x000000008c6194a8,0x00000000cd280000)
 Metaspace       used 90724K, committed 93056K, reserved 1179648K
  class space    used 10515K, committed 11520K, reserved 1048576K
}
Event: 26579.137 GC heap after
{Heap after GC invocations=5538 (full 5):
 PSYoungGen      total 9728K, used 4992K [0x00000000d5580000, 0x00000000d6680000, 0x0000000100000000)
  eden space 4608K, 0% used [0x00000000d5580000,0x00000000d5580000,0x00000000d5a00000)
  from space 5120K, 97% used [0x00000000d5f80000,0x00000000d6460000,0x00000000d6480000)
  to   space 5632K, 0% used [0x00000000d5a00000,0x00000000d5a00000,0x00000000d5f80000)
 ParOldGen       total 1264128K, used 203381K [0x0000000080000000, 0x00000000cd280000, 0x00000000d5580000)
  object space 1264128K, 16% used [0x0000000080000000,0x000000008c69d4a8,0x00000000cd280000)
 Metaspace       used 90724K, committed 93056K, reserved 1179648K
  class space    used 10515K, committed 11520K, reserved 1048576K
}
Event: 26579.161 GC heap before
{Heap before GC invocations=5539 (full 5):
 PSYoungGen      total 9728K, used 9600K [0x00000000d5580000, 0x00000000d6680000, 0x0000000100000000)
  eden space 4608K, 100% used [0x00000000d5580000,0x00000000d5a00000,0x00000000d5a00000)
  from space 5120K, 97% used [0x00000000d5f80000,0x00000000d6460000,0x00000000d6480000)
  to   space 5632K, 0% used [0x00000000d5a00000,0x00000000d5a00000,0x00000000d5f80000)
 ParOldGen       total 1264128K, used 203381K [0x0000000080000000, 0x00000000cd280000, 0x00000000d5580000)
  object space 1264128K, 16% used [0x0000000080000000,0x000000008c69d4a8,0x00000000cd280000)
 Metaspace       used 90724K, committed 93056K, reserved 1179648K
  class space    used 10515K, committed 11520K, reserved 1048576K
}
Event: 26579.217 GC heap after
{Heap after GC invocations=5539 (full 5):
 PSYoungGen      total 10240K, used 4544K [0x00000000d5580000, 0x00000000d6500000, 0x0000000100000000)
  eden space 4608K, 0% used [0x00000000d5580000,0x00000000d5580000,0x00000000d5a00000)
  from space 5632K, 80% used [0x00000000d5a00000,0x00000000d5e70000,0x00000000d5f80000)
  to   space 5120K, 0% used [0x00000000d6000000,0x00000000d6000000,0x00000000d6500000)
 ParOldGen       total 1264128K, used 208357K [0x0000000080000000, 0x00000000cd280000, 0x00000000d5580000)
  object space 1264128K, 16% used [0x0000000080000000,0x000000008cb794a8,0x00000000cd280000)
 Metaspace       used 90724K, committed 93056K, reserved 1179648K
  class space    used 10515K, committed 11520K, reserved 1048576K
}
Event: 26579.242 GC heap before
{Heap before GC invocations=5540 (full 5):
 PSYoungGen      total 10240K, used 9152K [0x00000000d5580000, 0x00000000d6500000, 0x0000000100000000)
  eden space 4608K, 100% used [0x00000000d5580000,0x00000000d5a00000,0x00000000d5a00000)
  from space 5632K, 80% used [0x00000000d5a00000,0x00000000d5e70000,0x00000000d5f80000)
  to   space 5120K, 0% used [0x00000000d6000000,0x00000000d6000000,0x00000000d6500000)
 ParOldGen       total 1264128K, used 208357K [0x0000000080000000, 0x00000000cd280000, 0x00000000d5580000)
  object space 1264128K, 16% used [0x0000000080000000,0x000000008cb794a8,0x00000000cd280000)
 Metaspace       used 90724K, committed 93056K, reserved 1179648K
  class space    used 10515K, committed 11520K, reserved 1048576K
}
Event: 26579.300 GC heap after
{Heap after GC invocations=5540 (full 5):
 PSYoungGen      total 10240K, used 4512K [0x00000000d5580000, 0x00000000d6480000, 0x0000000100000000)
  eden space 5632K, 0% used [0x00000000d5580000,0x00000000d5580000,0x00000000d5b00000)
  from space 4608K, 97% used [0x00000000d6000000,0x00000000d6468000,0x00000000d6480000)
  to   space 4608K, 0% used [0x00000000d5b80000,0x00000000d5b80000,0x00000000d6000000)
 ParOldGen       total 1264128K, used 212893K [0x0000000080000000, 0x00000000cd280000, 0x00000000d5580000)
  object space 1264128K, 16% used [0x0000000080000000,0x000000008cfe74a8,0x00000000cd280000)
 Metaspace       used 90724K, committed 93056K, reserved 1179648K
  class space    used 10515K, committed 11520K, reserved 1048576K
}
Event: 26579.341 GC heap before
{Heap before GC invocations=5541 (full 5):
 PSYoungGen      total 10240K, used 10144K [0x00000000d5580000, 0x00000000d6480000, 0x0000000100000000)
  eden space 5632K, 100% used [0x00000000d5580000,0x00000000d5b00000,0x00000000d5b00000)
  from space 4608K, 97% used [0x00000000d6000000,0x00000000d6468000,0x00000000d6480000)
  to   space 4608K, 0% used [0x00000000d5b80000,0x00000000d5b80000,0x00000000d6000000)
 ParOldGen       total 1264128K, used 212893K [0x0000000080000000, 0x00000000cd280000, 0x00000000d5580000)
  object space 1264128K, 16% used [0x0000000080000000,0x000000008cfe74a8,0x00000000cd280000)
 Metaspace       used 90724K, committed 93056K, reserved 1179648K
  class space    used 10515K, committed 11520K, reserved 1048576K
}
Event: 26579.394 GC heap after
{Heap after GC invocations=5541 (full 5):
 PSYoungGen      total 10752K, used 4608K [0x00000000d5580000, 0x00000000d7280000, 0x0000000100000000)
  eden space 6144K, 0% used [0x00000000d5580000,0x00000000d5580000,0x00000000d5b80000)
  from space 4608K, 100% used [0x00000000d5b80000,0x00000000d6000000,0x00000000d6000000)
  to   space 11264K, 0% used [0x00000000d6780000,0x00000000d6780000,0x00000000d7280000)
 ParOldGen       total 1264128K, used 218293K [0x0000000080000000, 0x00000000cd280000, 0x00000000d5580000)
  object space 1264128K, 17% used [0x0000000080000000,0x000000008d52d4a8,0x00000000cd280000)
 Metaspace       used 90724K, committed 93056K, reserved 1179648K
  class space    used 10515K, committed 11520K, reserved 1048576K
}
Event: 26579.430 GC heap before
{Heap before GC invocations=5542 (full 5):
 PSYoungGen      total 10752K, used 10752K [0x00000000d5580000, 0x00000000d7280000, 0x0000000100000000)
  eden space 6144K, 100% used [0x00000000d5580000,0x00000000d5b80000,0x00000000d5b80000)
  from space 4608K, 100% used [0x00000000d5b80000,0x00000000d6000000,0x00000000d6000000)
  to   space 11264K, 0% used [0x00000000d6780000,0x00000000d6780000,0x00000000d7280000)
 ParOldGen       total 1264128K, used 218293K [0x0000000080000000, 0x00000000cd280000, 0x00000000d5580000)
  object space 1264128K, 17% used [0x0000000080000000,0x000000008d52d4a8,0x00000000cd280000)
 Metaspace       used 90727K, committed 93056K, reserved 1179648K
  class space    used 10515K, committed 11520K, reserved 1048576K
}
Event: 26579.491 GC heap after
{Heap after GC invocations=5542 (full 5):
 PSYoungGen      total 13824K, used 6080K [0x00000000d5580000, 0x00000000d6d80000, 0x0000000100000000)
  eden space 7680K, 0% used [0x00000000d5580000,0x00000000d5580000,0x00000000d5d00000)
  from space 6144K, 98% used [0x00000000d6780000,0x00000000d6d70000,0x00000000d6d80000)
  to   space 7680K, 0% used [0x00000000d5e80000,0x00000000d5e80000,0x00000000d6600000)
 ParOldGen       total 1264128K, used 222961K [0x0000000080000000, 0x00000000cd280000, 0x00000000d5580000)
  object space 1264128K, 17% used [0x0000000080000000,0x000000008d9bc5b8,0x00000000cd280000)
 Metaspace       used 90727K, committed 93056K, reserved 1179648K
  class space    used 10515K, committed 11520K, reserved 1048576K
}
Event: 26579.606 GC heap before
{Heap before GC invocations=5543 (full 5):
 PSYoungGen      total 13824K, used 13480K [0x00000000d5580000, 0x00000000d6d80000, 0x0000000100000000)
  eden space 7680K, 96% used [0x00000000d5580000,0x00000000d5cba3a8,0x00000000d5d00000)
  from space 6144K, 98% used [0x00000000d6780000,0x00000000d6d70000,0x00000000d6d80000)
  to   space 7680K, 0% used [0x00000000d5e80000,0x00000000d5e80000,0x00000000d6600000)
 ParOldGen       total 1264128K, used 222961K [0x0000000080000000, 0x00000000cd280000, 0x00000000d5580000)
  object space 1264128K, 17% used [0x0000000080000000,0x000000008d9bc5b8,0x00000000cd280000)
 Metaspace       used 90727K, committed 93056K, reserved 1179648K
  class space    used 10515K, committed 11520K, reserved 1048576K
}
Event: 26579.667 GC heap after
{Heap after GC invocations=5543 (full 5):
 PSYoungGen      total 15872K, used 6396K [0x00000000d5580000, 0x00000000d6b80000, 0x0000000100000000)
  eden space 9216K, 0% used [0x00000000d5580000,0x00000000d5580000,0x00000000d5e80000)
  from space 6656K, 96% used [0x00000000d5e80000,0x00000000d64bf318,0x00000000d6500000)
  to   space 6656K, 0% used [0x00000000d6500000,0x00000000d6500000,0x00000000d6b80000)
 ParOldGen       total 1264128K, used 229008K [0x0000000080000000, 0x00000000cd280000, 0x00000000d5580000)
  object space 1264128K, 18% used [0x0000000080000000,0x000000008dfa4368,0x00000000cd280000)
 Metaspace       used 90727K, committed 93056K, reserved 1179648K
  class space    used 10515K, committed 11520K, reserved 1048576K
}
Event: 26580.030 GC heap before
{Heap before GC invocations=5544 (full 5):
 PSYoungGen      total 15872K, used 15612K [0x00000000d5580000, 0x00000000d6b80000, 0x0000000100000000)
  eden space 9216K, 100% used [0x00000000d5580000,0x00000000d5e80000,0x00000000d5e80000)
  from space 6656K, 96% used [0x00000000d5e80000,0x00000000d64bf318,0x00000000d6500000)
  to   space 6656K, 0% used [0x00000000d6500000,0x00000000d6500000,0x00000000d6b80000)
 ParOldGen       total 1264128K, used 229008K [0x0000000080000000, 0x00000000cd280000, 0x00000000d5580000)
  object space 1264128K, 18% used [0x0000000080000000,0x000000008dfa4368,0x00000000cd280000)
 Metaspace       used 90857K, committed 93184K, reserved 1179648K
  class space    used 10518K, committed 11520K, reserved 1048576K
}
Event: 26580.125 GC heap after
{Heap after GC invocations=5544 (full 5):
 PSYoungGen      total 16384K, used 5344K [0x00000000d5580000, 0x00000000d6c80000, 0x0000000100000000)
  eden space 9728K, 0% used [0x00000000d5580000,0x00000000d5580000,0x00000000d5f00000)
  from space 6656K, 80% used [0x00000000d6500000,0x00000000d6a38000,0x00000000d6b80000)
  to   space 6144K, 0% used [0x00000000d5f00000,0x00000000d5f00000,0x00000000d6500000)
 ParOldGen       total 1264128K, used 233986K [0x0000000080000000, 0x00000000cd280000, 0x00000000d5580000)
  object space 1264128K, 18% used [0x0000000080000000,0x000000008e480828,0x00000000cd280000)
 Metaspace       used 90857K, committed 93184K, reserved 1179648K
  class space    used 10518K, committed 11520K, reserved 1048576K
}
Event: 26580.389 GC heap before
{Heap before GC invocations=5545 (full 5):
 PSYoungGen      total 16384K, used 15072K [0x00000000d5580000, 0x00000000d6c80000, 0x0000000100000000)
  eden space 9728K, 100% used [0x00000000d5580000,0x00000000d5f00000,0x00000000d5f00000)
  from space 6656K, 80% used [0x00000000d6500000,0x00000000d6a38000,0x00000000d6b80000)
  to   space 6144K, 0% used [0x00000000d5f00000,0x00000000d5f00000,0x00000000d6500000)
 ParOldGen       total 1264128K, used 233986K [0x0000000080000000, 0x00000000cd280000, 0x00000000d5580000)
  object space 1264128K, 18% used [0x0000000080000000,0x000000008e480828,0x00000000cd280000)
 Metaspace       used 90860K, committed 93184K, reserved 1179648K
  class space    used 10518K, committed 11520K, reserved 1048576K
}
Event: 26580.443 GC heap after
{Heap after GC invocations=5545 (full 5):
 PSYoungGen      total 15872K, used 6128K [0x00000000d5580000, 0x00000000d7600000, 0x0000000100000000)
  eden space 9728K, 0% used [0x00000000d5580000,0x00000000d5580000,0x00000000d5f00000)
  from space 6144K, 99% used [0x00000000d5f00000,0x00000000d64fc030,0x00000000d6500000)
  to   space 10752K, 0% used [0x00000000d6b80000,0x00000000d6b80000,0x00000000d7600000)
 ParOldGen       total 1264128K, used 237708K [0x0000000080000000, 0x00000000cd280000, 0x00000000d5580000)
  object space 1264128K, 18% used [0x0000000080000000,0x000000008e823220,0x00000000cd280000)
 Metaspace       used 90860K, committed 93184K, reserved 1179648K
  class space    used 10518K, committed 11520K, reserved 1048576K
}
Event: 26581.100 GC heap before
{Heap before GC invocations=5546 (full 5):
 PSYoungGen      total 15872K, used 15856K [0x00000000d5580000, 0x00000000d7600000, 0x0000000100000000)
  eden space 9728K, 100% used [0x00000000d5580000,0x00000000d5f00000,0x00000000d5f00000)
  from space 6144K, 99% used [0x00000000d5f00000,0x00000000d64fc030,0x00000000d6500000)
  to   space 10752K, 0% used [0x00000000d6b80000,0x00000000d6b80000,0x00000000d7600000)
 ParOldGen       total 1264128K, used 237708K [0x0000000080000000, 0x00000000cd280000, 0x00000000d5580000)
  object space 1264128K, 18% used [0x0000000080000000,0x000000008e823220,0x00000000cd280000)
 Metaspace       used 90865K, committed 93184K, reserved 1179648K
  class space    used 10518K, committed 11520K, reserved 1048576K
}
Event: 26581.152 GC heap after
{Heap after GC invocations=5546 (full 5):
 PSYoungGen      total 15872K, used 3610K [0x00000000d5580000, 0x00000000d6f80000, 0x0000000100000000)
  eden space 11776K, 0% used [0x00000000d5580000,0x00000000d5580000,0x00000000d6100000)
  from space 4096K, 88% used [0x00000000d6b80000,0x00000000d6f06880,0x00000000d6f80000)
  to   space 6144K, 0% used [0x00000000d6380000,0x00000000d6380000,0x00000000d6980000)
 ParOldGen       total 1264128K, used 243803K [0x0000000080000000, 0x00000000cd280000, 0x00000000d5580000)
  object space 1264128K, 19% used [0x0000000080000000,0x000000008ee16ff0,0x00000000cd280000)
 Metaspace       used 90865K, committed 93184K, reserved 1179648K
  class space    used 10518K, committed 11520K, reserved 1048576K
}
Event: 26581.251 GC heap before
{Heap before GC invocations=5547 (full 5):
 PSYoungGen      total 15872K, used 15386K [0x00000000d5580000, 0x00000000d6f80000, 0x0000000100000000)
  eden space 11776K, 100% used [0x00000000d5580000,0x00000000d6100000,0x00000000d6100000)
  from space 4096K, 88% used [0x00000000d6b80000,0x00000000d6f06880,0x00000000d6f80000)
  to   space 6144K, 0% used [0x00000000d6380000,0x00000000d6380000,0x00000000d6980000)
 ParOldGen       total 1264128K, used 243803K [0x0000000080000000, 0x00000000cd280000, 0x00000000d5580000)
  object space 1264128K, 19% used [0x0000000080000000,0x000000008ee16ff0,0x00000000cd280000)
 Metaspace       used 90865K, committed 93184K, reserved 1179648K
  class space    used 10518K, committed 11520K, reserved 1048576K
}
Event: 26583.354 GC heap after
{Heap after GC invocations=5547 (full 5):
 PSYoungGen      total 17920K, used 6144K [0x00000000d5580000, 0x00000000d6f80000, 0x0000000100000000)
  eden space 11776K, 0% used [0x00000000d5580000,0x00000000d5580000,0x00000000d6100000)
  from space 6144K, 100% used [0x00000000d6380000,0x00000000d6980000,0x00000000d6980000)
  to   space 4096K, 0% used [0x00000000d6b80000,0x00000000d6b80000,0x00000000d6f80000)
 ParOldGen       total 1264128K, used 251341K [0x0000000080000000, 0x00000000cd280000, 0x00000000d5580000)
  object space 1264128K, 19% used [0x0000000080000000,0x000000008f573418,0x00000000cd280000)
 Metaspace       used 90865K, committed 93184K, reserved 1179648K
  class space    used 10518K, committed 11520K, reserved 1048576K
}

