# JRE version: OpenJDK Runtime Environment (Red_Hat-17.0.14.0+7-1) (17.0.14+7) (build 17.0.14+7-LTS)
# Java VM: OpenJDK 64-Bit Server VM (Red_Hat-17.0.14.0+7-1) (17.0.14+7-LTS, mixed mode, sharing, tiered, compressed oops, compressed class ptrs, g1 gc, windows-amd64)
GC Precious Log:
 CPUs: 4 total, 4 available
 Memory: 7975M
 Large Page Support: Disabled
 NUMA Support: Disabled
 Compressed Oops: Enabled (Zero based)
 Heap Region Size: 4M
 Heap Min Capacity: 8M
 Heap Initial Capacity: 128M
 Heap Max Capacity: 4608M
 Pre-touch: Disabled
 Parallel Workers: 4
 Concurrent Workers: 1
 Concurrent Refinement Workers: 4
 Periodic GC: Disabled
Heap:
 garbage-first heap   total 233472K, used 138530K [0x00000006e0000000, 0x0000000800000000)
  region size 4096K, 1 young (4096K), 1 survivors (4096K)
 Metaspace       used 93889K, committed 95104K, reserved 983040K
  class space    used 12954K, committed 13504K, reserved 851968K
GC Heap History (20 events):
Event: 69.119 GC heap after
{Heap after GC invocations=47 (full 0):
 garbage-first heap   total 204800K, used 111636K [0x00000006e0000000, 0x0000000800000000)
  region size 4096K, 1 young (4096K), 1 survivors (4096K)
 Metaspace       used 86432K, committed 87552K, reserved 983040K
  class space    used 12140K, committed 12672K, reserved 851968K
}
Event: 70.271 GC heap before
{Heap before GC invocations=47 (full 0):
 garbage-first heap   total 204800K, used 160788K [0x00000006e0000000, 0x0000000800000000)
  region size 4096K, 13 young (53248K), 1 survivors (4096K)
 Metaspace       used 86773K, committed 87872K, reserved 983040K
  class space    used 12171K, committed 12672K, reserved 851968K
}
Event: 70.277 GC heap after
{Heap after GC invocations=48 (full 0):
 garbage-first heap   total 204800K, used 115164K [0x00000006e0000000, 0x0000000800000000)
  region size 4096K, 2 young (8192K), 2 survivors (8192K)
 Metaspace       used 86773K, committed 87872K, reserved 983040K
  class space    used 12171K, committed 12672K, reserved 851968K
}
Event: 71.607 GC heap before
{Heap before GC invocations=49 (full 0):
 garbage-first heap   total 233472K, used 160220K [0x00000006e0000000, 0x0000000800000000)
  region size 4096K, 13 young (53248K), 2 survivors (8192K)
 Metaspace       used 87214K, committed 88384K, reserved 983040K
  class space    used 12229K, committed 12800K, reserved 851968K
}
Event: 71.615 GC heap after
{Heap after GC invocations=50 (full 0):
 garbage-first heap   total 233472K, used 118121K [0x00000006e0000000, 0x0000000800000000)
  region size 4096K, 1 young (4096K), 1 survivors (4096K)
 Metaspace       used 87214K, committed 88384K, reserved 983040K
  class space    used 12229K, committed 12800K, reserved 851968K
}
Event: 71.830 GC heap before
{Heap before GC invocations=50 (full 0):
 garbage-first heap   total 233472K, used 122217K [0x00000006e0000000, 0x0000000800000000)
  region size 4096K, 2 young (8192K), 1 survivors (4096K)
 Metaspace       used 87334K, committed 88512K, reserved 983040K
  class space    used 12239K, committed 12800K, reserved 851968K
}
Event: 71.836 GC heap after
{Heap after GC invocations=51 (full 0):
 garbage-first heap   total 233472K, used 116997K [0x00000006e0000000, 0x0000000800000000)
  region size 4096K, 1 young (4096K), 1 survivors (4096K)
 Metaspace       used 87334K, committed 88512K, reserved 983040K
  class space    used 12239K, committed 12800K, reserved 851968K
}
Event: 74.342 GC heap before
{Heap before GC invocations=51 (full 0):
 garbage-first heap   total 233472K, used 174341K [0x00000006e0000000, 0x0000000800000000)
  region size 4096K, 16 young (65536K), 1 survivors (4096K)
 Metaspace       used 87835K, committed 89024K, reserved 983040K
  class space    used 12259K, committed 12800K, reserved 851968K
}
Event: 74.350 GC heap after
{Heap after GC invocations=52 (full 0):
 garbage-first heap   total 233472K, used 122890K [0x00000006e0000000, 0x0000000800000000)
  region size 4096K, 2 young (8192K), 2 survivors (8192K)
 Metaspace       used 87835K, committed 89024K, reserved 983040K
  class space    used 12259K, committed 12800K, reserved 851968K
}
Event: 75.644 GC heap before
{Heap before GC invocations=53 (full 0):
 garbage-first heap   total 233472K, used 180234K [0x00000006e0000000, 0x0000000800000000)
  region size 4096K, 17 young (69632K), 2 survivors (8192K)
 Metaspace       used 87850K, committed 89024K, reserved 983040K
  class space    used 12260K, committed 12800K, reserved 851968K
}
Event: 75.653 GC heap after
{Heap after GC invocations=54 (full 0):
 garbage-first heap   total 233472K, used 124937K [0x00000006e0000000, 0x0000000800000000)
  region size 4096K, 2 young (8192K), 2 survivors (8192K)
 Metaspace       used 87850K, committed 89024K, reserved 983040K
  class space    used 12260K, committed 12800K, reserved 851968K
}
Event: 75.717 GC heap before
{Heap before GC invocations=54 (full 0):
 garbage-first heap   total 233472K, used 124937K [0x00000006e0000000, 0x0000000800000000)
  region size 4096K, 3 young (12288K), 2 survivors (8192K)
 Metaspace       used 87850K, committed 89024K, reserved 983040K
  class space    used 12260K, committed 12800K, reserved 851968K
}
Event: 75.722 GC heap after
{Heap after GC invocations=55 (full 0):
 garbage-first heap   total 233472K, used 124422K [0x00000006e0000000, 0x0000000800000000)
  region size 4096K, 1 young (4096K), 1 survivors (4096K)
 Metaspace       used 87850K, committed 89024K, reserved 983040K
  class space    used 12260K, committed 12800K, reserved 851968K
}
Event: 76.580 GC heap before
{Heap before GC invocations=55 (full 0):
 garbage-first heap   total 233472K, used 177670K [0x00000006e0000000, 0x0000000800000000)
  region size 4096K, 15 young (61440K), 1 survivors (4096K)
 Metaspace       used 87857K, committed 89024K, reserved 983040K
  class space    used 12260K, committed 12800K, reserved 851968K
}
Event: 76.585 GC heap after
{Heap after GC invocations=56 (full 0):
 garbage-first heap   total 233472K, used 127684K [0x00000006e0000000, 0x0000000800000000)
  region size 4096K, 2 young (8192K), 2 survivors (8192K)
 Metaspace       used 87857K, committed 89024K, reserved 983040K
  class space    used 12260K, committed 12800K, reserved 851968K
}
Event: 79.903 GC heap before
{Heap before GC invocations=57 (full 0):
 garbage-first heap   total 233472K, used 180932K [0x00000006e0000000, 0x0000000800000000)
  region size 4096K, 16 young (65536K), 2 survivors (8192K)
 Metaspace       used 90569K, committed 91776K, reserved 983040K
  class space    used 12578K, committed 13120K, reserved 851968K
}
Event: 79.912 GC heap after
{Heap after GC invocations=58 (full 0):
 garbage-first heap   total 233472K, used 139803K [0x00000006e0000000, 0x0000000800000000)
  region size 4096K, 2 young (8192K), 2 survivors (8192K)
 Metaspace       used 90569K, committed 91776K, reserved 983040K
  class space    used 12578K, committed 13120K, reserved 851968K
}
Event: 80.032 GC heap before
{Heap before GC invocations=58 (full 0):
 garbage-first heap   total 233472K, used 139803K [0x00000006e0000000, 0x0000000800000000)
  region size 4096K, 3 young (12288K), 2 survivors (8192K)
 Metaspace       used 90788K, committed 92032K, reserved 983040K
  class space    used 12601K, committed 13184K, reserved 851968K
}
Event: 80.040 GC heap after
{Heap after GC invocations=59 (full 0):
 garbage-first heap   total 233472K, used 137250K [0x00000006e0000000, 0x0000000800000000)
  region size 4096K, 1 young (4096K), 1 survivors (4096K)
 Metaspace       used 90788K, committed 92032K, reserved 983040K
  class space    used 12601K, committed 13184K, reserved 851968K
}
Event: 81.778 GC heap before
{Heap before GC invocations=59 (full 0):
 garbage-first heap   total 233472K, used 178210K [0x00000006e0000000, 0x0000000800000000)
  region size 4096K, 12 young (49152K), 1 survivors (4096K)
 Metaspace       used 93889K, committed 95104K, reserved 983040K
  class space    used 12954K, committed 13504K, reserved 851968K
}

