# JRE version: OpenJDK Runtime Environment (Red_Hat-17.0.14.0+7-1) (17.0.14+7) (build 17.0.14+7-LTS)
# Java VM: OpenJDK 64-Bit Server VM (Red_Hat-17.0.14.0+7-1) (17.0.14+7-LTS, mixed mode, sharing, tiered, compressed oops, compressed class ptrs, g1 gc, windows-amd64)
GC Precious Log:
 CPUs: 4 total, 4 available
 Memory: 7975M
 Large Page Support: Disabled
 NUMA Support: Disabled
 Compressed Oops: Enabled (Zero based)
 Heap Region Size: 4M
 Heap Min Capacity: 8M
 Heap Initial Capacity: 128M
 Heap Max Capacity: 4608M
 Pre-touch: Disabled
 Parallel Workers: 4
 Concurrent Workers: 1
 Concurrent Refinement Workers: 4
 Periodic GC: Disabled
Heap:
 garbage-first heap   total 1277952K, used 633436K [0x00000006e0000000, 0x0000000800000000)
  region size 4096K, 12 young (49152K), 12 survivors (49152K)
 Metaspace       used 229867K, committed 233024K, reserved 1114112K
  class space    used 28799K, committed 30272K, reserved 851968K
GC Heap History (20 events):
Event: 6946.348 GC heap after
{Heap after GC invocations=91 (full 0):
 garbage-first heap   total 1134592K, used 525944K [0x00000006e0000000, 0x0000000800000000)
  region size 4096K, 12 young (49152K), 12 survivors (49152K)
 Metaspace       used 227216K, committed 230208K, reserved 1114112K
  class space    used 28624K, committed 30016K, reserved 851968K
}
Event: 6949.280 GC heap before
{Heap before GC invocations=91 (full 0):
 garbage-first heap   total 1134592K, used 886392K [0x00000006e0000000, 0x0000000800000000)
  region size 4096K, 100 young (409600K), 12 survivors (49152K)
 Metaspace       used 227456K, committed 230528K, reserved 1114112K
  class space    used 28636K, committed 30080K, reserved 851968K
}
Event: 6949.397 GC heap after
{Heap after GC invocations=92 (full 0):
 garbage-first heap   total 1134592K, used 563063K [0x00000006e0000000, 0x0000000800000000)
  region size 4096K, 9 young (36864K), 9 survivors (36864K)
 Metaspace       used 227456K, committed 230528K, reserved 1114112K
  class space    used 28636K, committed 30080K, reserved 851968K
}
Event: 6952.208 GC heap before
{Heap before GC invocations=92 (full 0):
 garbage-first heap   total 1134592K, used 898935K [0x00000006e0000000, 0x0000000800000000)
  region size 4096K, 91 young (372736K), 9 survivors (36864K)
 Metaspace       used 227945K, committed 230976K, reserved 1114112K
  class space    used 28680K, committed 30080K, reserved 851968K
}
Event: 6952.307 GC heap after
{Heap after GC invocations=93 (full 0):
 garbage-first heap   total 1134592K, used 612122K [0x00000006e0000000, 0x0000000800000000)
  region size 4096K, 12 young (49152K), 12 survivors (49152K)
 Metaspace       used 227945K, committed 230976K, reserved 1114112K
  class space    used 28680K, committed 30080K, reserved 851968K
}
Event: 6974.750 GC heap before
{Heap before GC invocations=93 (full 0):
 garbage-first heap   total 1134592K, used 902938K [0x00000006e0000000, 0x0000000800000000)
  region size 4096K, 83 young (339968K), 12 survivors (49152K)
 Metaspace       used 228368K, committed 231424K, reserved 1114112K
  class space    used 28691K, committed 30144K, reserved 851968K
}
Event: 6974.857 GC heap after
{Heap after GC invocations=94 (full 0):
 garbage-first heap   total 1134592K, used 647168K [0x00000006e0000000, 0x0000000800000000)
  region size 4096K, 8 young (32768K), 8 survivors (32768K)
 Metaspace       used 228368K, committed 231424K, reserved 1114112K
  class space    used 28691K, committed 30144K, reserved 851968K
}
Event: 6979.216 GC heap before
{Heap before GC invocations=94 (full 0):
 garbage-first heap   total 1134592K, used 917504K [0x00000006e0000000, 0x0000000800000000)
  region size 4096K, 74 young (303104K), 8 survivors (32768K)
 Metaspace       used 228719K, committed 231808K, reserved 1114112K
  class space    used 28696K, committed 30144K, reserved 851968K
}
Event: 6979.273 GC heap after
{Heap after GC invocations=95 (full 0):
 garbage-first heap   total 1134592K, used 672956K [0x00000006e0000000, 0x0000000800000000)
  region size 4096K, 7 young (28672K), 7 survivors (28672K)
 Metaspace       used 228719K, committed 231808K, reserved 1114112K
  class space    used 28696K, committed 30144K, reserved 851968K
}
Event: 6982.499 GC heap before
{Heap before GC invocations=96 (full 0):
 garbage-first heap   total 1277952K, used 931004K [0x00000006e0000000, 0x0000000800000000)
  region size 4096K, 70 young (286720K), 7 survivors (28672K)
 Metaspace       used 228873K, committed 231936K, reserved 1114112K
  class space    used 28696K, committed 30144K, reserved 851968K
}
Event: 6982.573 GC heap after
{Heap after GC invocations=97 (full 0):
 garbage-first heap   total 1277952K, used 704289K [0x00000006e0000000, 0x0000000800000000)
  region size 4096K, 8 young (32768K), 8 survivors (32768K)
 Metaspace       used 228873K, committed 231936K, reserved 1114112K
  class space    used 28696K, committed 30144K, reserved 851968K
}
Event: 6982.785 GC heap before
{Heap before GC invocations=97 (full 0):
 garbage-first heap   total 1277952K, used 728865K [0x00000006e0000000, 0x0000000800000000)
  region size 4096K, 15 young (61440K), 8 survivors (32768K)
 Metaspace       used 228873K, committed 231936K, reserved 1114112K
  class space    used 28696K, committed 30144K, reserved 851968K
}
Event: 6982.834 GC heap after
{Heap after GC invocations=98 (full 0):
 garbage-first heap   total 1277952K, used 591244K [0x00000006e0000000, 0x0000000800000000)
  region size 4096K, 2 young (8192K), 2 survivors (8192K)
 Metaspace       used 228873K, committed 231936K, reserved 1114112K
  class space    used 28696K, committed 30144K, reserved 851968K
}
Event: 6983.325 GC heap before
{Heap before GC invocations=98 (full 0):
 garbage-first heap   total 1277952K, used 644492K [0x00000006e0000000, 0x0000000800000000)
  region size 4096K, 15 young (61440K), 2 survivors (8192K)
 Metaspace       used 228907K, committed 232000K, reserved 1114112K
  class space    used 28697K, committed 30144K, reserved 851968K
}
Event: 6983.386 GC heap after
{Heap after GC invocations=99 (full 0):
 garbage-first heap   total 1277952K, used 556050K [0x00000006e0000000, 0x0000000800000000)
  region size 4096K, 2 young (8192K), 2 survivors (8192K)
 Metaspace       used 228907K, committed 232000K, reserved 1114112K
  class space    used 28697K, committed 30144K, reserved 851968K
}
Event: 8735.940 GC heap before
{Heap before GC invocations=99 (full 0):
 garbage-first heap   total 1277952K, used 990226K [0x00000006e0000000, 0x0000000800000000)
  region size 4096K, 109 young (446464K), 2 survivors (8192K)
 Metaspace       used 229545K, committed 232704K, reserved 1114112K
  class space    used 28793K, committed 30272K, reserved 851968K
}
Event: 8736.280 GC heap after
{Heap after GC invocations=100 (full 0):
 garbage-first heap   total 1277952K, used 584563K [0x00000006e0000000, 0x0000000800000000)
  region size 4096K, 9 young (36864K), 9 survivors (36864K)
 Metaspace       used 229545K, committed 232704K, reserved 1114112K
  class space    used 28793K, committed 30272K, reserved 851968K
}
Event: 8737.022 GC heap before
{Heap before GC invocations=100 (full 0):
 garbage-first heap   total 1277952K, used 662387K [0x00000006e0000000, 0x0000000800000000)
  region size 4096K, 28 young (114688K), 9 survivors (36864K)
 Metaspace       used 229581K, committed 232768K, reserved 1114112K
  class space    used 28793K, committed 30272K, reserved 851968K
}
Event: 8737.104 GC heap after
{Heap after GC invocations=101 (full 0):
 garbage-first heap   total 1277952K, used 591177K [0x00000006e0000000, 0x0000000800000000)
  region size 4096K, 2 young (8192K), 2 survivors (8192K)
 Metaspace       used 229581K, committed 232768K, reserved 1114112K
  class space    used 28793K, committed 30272K, reserved 851968K
}
Event: 8749.050 GC heap before
{Heap before GC invocations=101 (full 0):
 garbage-first heap   total 1277952K, used 1008969K [0x00000006e0000000, 0x0000000800000000)
  region size 4096K, 104 young (425984K), 2 survivors (8192K)
 Metaspace       used 229867K, committed 233024K, reserved 1114112K
  class space    used 28799K, committed 30272K, reserved 851968K
}

