# JRE version: OpenJDK Runtime Environment Temurin-21.0.8+9 (21.0.8+9) (build 21.0.8+9-LTS)
# Java VM: OpenJDK 64-Bit Server VM Temurin-21.0.8+9 (21.0.8+9-LTS, mixed mode, sharing, tiered, compressed oops, compressed class ptrs, parallel gc, windows-amd64)
GC Precious Log:
 CardTable entry size: 512
 CPUs: 4 total, 4 available
 Memory: 7975M
 Large Page Support: Disabled
 NUMA Support: Disabled
 Compressed Oops: Enabled (32-bit)
 Alignments: Space 512K, Generation 512K, Heap 2M
 Heap Min Capacity: 100M
 Heap Initial Capacity: 100M
 Heap Max Capacity: 2G
 Pre-touch: Disabled
 Parallel Workers: 4
Heap:
 PSYoungGen      total 21504K, used 21480K [0x00000000d5580000, 0x00000000d6e80000, 0x0000000100000000)
  eden space 20480K, 100% used [0x00000000d5580000,0x00000000d6980000,0x00000000d6980000)
  from space 1024K, 97% used [0x00000000d6d80000,0x00000000d6e7a2d0,0x00000000d6e80000)
  to   space 2048K, 0% used [0x00000000d6a80000,0x00000000d6a80000,0x00000000d6c80000)
 ParOldGen       total 381440K, used 48461K [0x0000000080000000, 0x0000000097480000, 0x00000000d5580000)
  object space 381440K, 12% used [0x0000000080000000,0x0000000082f534a8,0x0000000097480000)
 Metaspace       used 61660K, committed 62976K, reserved 1114112K
  class space    used 7542K, committed 8128K, reserved 1048576K
GC Heap History (20 events):
Event: 12.449 GC heap before
{Heap before GC invocations=106 (full 2):
 PSYoungGen      total 21504K, used 21328K [0x00000000d5580000, 0x00000000d6d00000, 0x0000000100000000)
  eden space 20480K, 100% used [0x00000000d5580000,0x00000000d6980000,0x00000000d6980000)
  from space 1024K, 82% used [0x00000000d6b80000,0x00000000d6c54010,0x00000000d6c80000)
  to   space 512K, 0% used [0x00000000d6c80000,0x00000000d6c80000,0x00000000d6d00000)
 ParOldGen       total 381440K, used 42592K [0x0000000080000000, 0x0000000097480000, 0x00000000d5580000)
  object space 381440K, 11% used [0x0000000080000000,0x0000000082998110,0x0000000097480000)
 Metaspace       used 51087K, committed 52352K, reserved 1114112K
  class space    used 5773K, committed 6336K, reserved 1048576K
}
Event: 12.451 GC heap after
{Heap after GC invocations=106 (full 2):
 PSYoungGen      total 20992K, used 512K [0x00000000d5580000, 0x00000000d6d00000, 0x0000000100000000)
  eden space 20480K, 0% used [0x00000000d5580000,0x00000000d5580000,0x00000000d6980000)
  from space 512K, 100% used [0x00000000d6c80000,0x00000000d6d00000,0x00000000d6d00000)
  to   space 1536K, 0% used [0x00000000d6a00000,0x00000000d6a00000,0x00000000d6b80000)
 ParOldGen       total 381440K, used 43496K [0x0000000080000000, 0x0000000097480000, 0x00000000d5580000)
  object space 381440K, 11% used [0x0000000080000000,0x0000000082a7a130,0x0000000097480000)
 Metaspace       used 51087K, committed 52352K, reserved 1114112K
  class space    used 5773K, committed 6336K, reserved 1048576K
}
Event: 12.689 GC heap before
{Heap before GC invocations=107 (full 2):
 PSYoungGen      total 20992K, used 20992K [0x00000000d5580000, 0x00000000d6d00000, 0x0000000100000000)
  eden space 20480K, 100% used [0x00000000d5580000,0x00000000d6980000,0x00000000d6980000)
  from space 512K, 100% used [0x00000000d6c80000,0x00000000d6d00000,0x00000000d6d00000)
  to   space 1536K, 0% used [0x00000000d6a00000,0x00000000d6a00000,0x00000000d6b80000)
 ParOldGen       total 381440K, used 43496K [0x0000000080000000, 0x0000000097480000, 0x00000000d5580000)
  object space 381440K, 11% used [0x0000000080000000,0x0000000082a7a130,0x0000000097480000)
 Metaspace       used 51505K, committed 52672K, reserved 1114112K
  class space    used 5827K, committed 6336K, reserved 1048576K
}
Event: 12.690 GC heap after
{Heap after GC invocations=107 (full 2):
 PSYoungGen      total 22016K, used 1530K [0x00000000d5580000, 0x00000000d7380000, 0x0000000100000000)
  eden space 20480K, 0% used [0x00000000d5580000,0x00000000d5580000,0x00000000d6980000)
  from space 1536K, 99% used [0x00000000d6a00000,0x00000000d6b7e860,0x00000000d6b80000)
  to   space 5120K, 0% used [0x00000000d6e80000,0x00000000d6e80000,0x00000000d7380000)
 ParOldGen       total 381440K, used 46348K [0x0000000080000000, 0x0000000097480000, 0x00000000d5580000)
  object space 381440K, 12% used [0x0000000080000000,0x0000000082d43328,0x0000000097480000)
 Metaspace       used 51505K, committed 52672K, reserved 1114112K
  class space    used 5827K, committed 6336K, reserved 1048576K
}
Event: 12.878 GC heap before
{Heap before GC invocations=108 (full 2):
 PSYoungGen      total 22016K, used 22010K [0x00000000d5580000, 0x00000000d7380000, 0x0000000100000000)
  eden space 20480K, 100% used [0x00000000d5580000,0x00000000d6980000,0x00000000d6980000)
  from space 1536K, 99% used [0x00000000d6a00000,0x00000000d6b7e860,0x00000000d6b80000)
  to   space 5120K, 0% used [0x00000000d6e80000,0x00000000d6e80000,0x00000000d7380000)
 ParOldGen       total 381440K, used 46348K [0x0000000080000000, 0x0000000097480000, 0x00000000d5580000)
  object space 381440K, 12% used [0x0000000080000000,0x0000000082d43328,0x0000000097480000)
 Metaspace       used 52784K, committed 54016K, reserved 1114112K
  class space    used 6045K, committed 6592K, reserved 1048576K
}
Event: 12.879 GC heap after
{Heap after GC invocations=108 (full 2):
 PSYoungGen      total 21504K, used 640K [0x00000000d5580000, 0x00000000d6f80000, 0x0000000100000000)
  eden space 20480K, 0% used [0x00000000d5580000,0x00000000d5580000,0x00000000d6980000)
  from space 1024K, 62% used [0x00000000d6e80000,0x00000000d6f20000,0x00000000d6f80000)
  to   space 2048K, 0% used [0x00000000d6b80000,0x00000000d6b80000,0x00000000d6d80000)
 ParOldGen       total 381440K, used 47788K [0x0000000080000000, 0x0000000097480000, 0x00000000d5580000)
  object space 381440K, 12% used [0x0000000080000000,0x0000000082eab1f0,0x0000000097480000)
 Metaspace       used 52784K, committed 54016K, reserved 1114112K
  class space    used 6045K, committed 6592K, reserved 1048576K
}
Event: 13.150 GC heap before
{Heap before GC invocations=109 (full 2):
 PSYoungGen      total 21504K, used 21120K [0x00000000d5580000, 0x00000000d6f80000, 0x0000000100000000)
  eden space 20480K, 100% used [0x00000000d5580000,0x00000000d6980000,0x00000000d6980000)
  from space 1024K, 62% used [0x00000000d6e80000,0x00000000d6f20000,0x00000000d6f80000)
  to   space 2048K, 0% used [0x00000000d6b80000,0x00000000d6b80000,0x00000000d6d80000)
 ParOldGen       total 381440K, used 47788K [0x0000000080000000, 0x0000000097480000, 0x00000000d5580000)
  object space 381440K, 12% used [0x0000000080000000,0x0000000082eab1f0,0x0000000097480000)
 Metaspace       used 54623K, committed 55936K, reserved 1114112K
  class space    used 6326K, committed 6912K, reserved 1048576K
}
Event: 13.152 GC heap after
{Heap after GC invocations=109 (full 2):
 PSYoungGen      total 22528K, used 772K [0x00000000d5580000, 0x00000000d6f00000, 0x0000000100000000)
  eden space 20480K, 0% used [0x00000000d5580000,0x00000000d5580000,0x00000000d6980000)
  from space 2048K, 37% used [0x00000000d6b80000,0x00000000d6c413e8,0x00000000d6d80000)
  to   space 1024K, 0% used [0x00000000d6e00000,0x00000000d6e00000,0x00000000d6f00000)
 ParOldGen       total 381440K, used 48356K [0x0000000080000000, 0x0000000097480000, 0x00000000d5580000)
  object space 381440K, 12% used [0x0000000080000000,0x0000000082f39200,0x0000000097480000)
 Metaspace       used 54623K, committed 55936K, reserved 1114112K
  class space    used 6326K, committed 6912K, reserved 1048576K
}
Event: 13.533 GC heap before
{Heap before GC invocations=110 (full 2):
 PSYoungGen      total 22528K, used 21252K [0x00000000d5580000, 0x00000000d6f00000, 0x0000000100000000)
  eden space 20480K, 100% used [0x00000000d5580000,0x00000000d6980000,0x00000000d6980000)
  from space 2048K, 37% used [0x00000000d6b80000,0x00000000d6c413e8,0x00000000d6d80000)
  to   space 1024K, 0% used [0x00000000d6e00000,0x00000000d6e00000,0x00000000d6f00000)
 ParOldGen       total 381440K, used 48356K [0x0000000080000000, 0x0000000097480000, 0x00000000d5580000)
  object space 381440K, 12% used [0x0000000080000000,0x0000000082f39200,0x0000000097480000)
 Metaspace       used 56134K, committed 57408K, reserved 1114112K
  class space    used 6551K, committed 7104K, reserved 1048576K
}
Event: 13.535 GC heap after
{Heap after GC invocations=110 (full 2):
 PSYoungGen      total 21504K, used 866K [0x00000000d5580000, 0x00000000d6f00000, 0x0000000100000000)
  eden space 20480K, 0% used [0x00000000d5580000,0x00000000d5580000,0x00000000d6980000)
  from space 1024K, 84% used [0x00000000d6e00000,0x00000000d6ed8b68,0x00000000d6f00000)
  to   space 1024K, 0% used [0x00000000d6d00000,0x00000000d6d00000,0x00000000d6e00000)
 ParOldGen       total 381440K, used 49045K [0x0000000080000000, 0x0000000097480000, 0x00000000d5580000)
  object space 381440K, 12% used [0x0000000080000000,0x0000000082fe57e8,0x0000000097480000)
 Metaspace       used 56134K, committed 57408K, reserved 1114112K
  class space    used 6551K, committed 7104K, reserved 1048576K
}
Event: 13.756 GC heap before
{Heap before GC invocations=111 (full 2):
 PSYoungGen      total 21504K, used 21346K [0x00000000d5580000, 0x00000000d6f00000, 0x0000000100000000)
  eden space 20480K, 100% used [0x00000000d5580000,0x00000000d6980000,0x00000000d6980000)
  from space 1024K, 84% used [0x00000000d6e00000,0x00000000d6ed8b68,0x00000000d6f00000)
  to   space 1024K, 0% used [0x00000000d6d00000,0x00000000d6d00000,0x00000000d6e00000)
 ParOldGen       total 381440K, used 49045K [0x0000000080000000, 0x0000000097480000, 0x00000000d5580000)
  object space 381440K, 12% used [0x0000000080000000,0x0000000082fe57e8,0x0000000097480000)
 Metaspace       used 57784K, committed 59008K, reserved 1114112K
  class space    used 6798K, committed 7360K, reserved 1048576K
}
Event: 13.758 GC heap after
{Heap after GC invocations=111 (full 2):
 PSYoungGen      total 21504K, used 948K [0x00000000d5580000, 0x00000000d6e80000, 0x0000000100000000)
  eden space 20480K, 0% used [0x00000000d5580000,0x00000000d5580000,0x00000000d6980000)
  from space 1024K, 92% used [0x00000000d6d00000,0x00000000d6ded268,0x00000000d6e00000)
  to   space 512K, 0% used [0x00000000d6e00000,0x00000000d6e00000,0x00000000d6e80000)
 ParOldGen       total 381440K, used 49742K [0x0000000080000000, 0x0000000097480000, 0x00000000d5580000)
  object space 381440K, 13% used [0x0000000080000000,0x0000000083093a48,0x0000000097480000)
 Metaspace       used 57784K, committed 59008K, reserved 1114112K
  class space    used 6798K, committed 7360K, reserved 1048576K
}
Event: 13.842 GC heap before
{Heap before GC invocations=112 (full 2):
 PSYoungGen      total 21504K, used 14036K [0x00000000d5580000, 0x00000000d6e80000, 0x0000000100000000)
  eden space 20480K, 63% used [0x00000000d5580000,0x00000000d6248128,0x00000000d6980000)
  from space 1024K, 92% used [0x00000000d6d00000,0x00000000d6ded268,0x00000000d6e00000)
  to   space 512K, 0% used [0x00000000d6e00000,0x00000000d6e00000,0x00000000d6e80000)
 ParOldGen       total 381440K, used 49742K [0x0000000080000000, 0x0000000097480000, 0x00000000d5580000)
  object space 381440K, 13% used [0x0000000080000000,0x0000000083093a48,0x0000000097480000)
 Metaspace       used 58569K, committed 59776K, reserved 1114112K
  class space    used 6931K, committed 7488K, reserved 1048576K
}
Event: 13.843 GC heap after
{Heap after GC invocations=112 (full 2):
 PSYoungGen      total 20992K, used 497K [0x00000000d5580000, 0x00000000d6e80000, 0x0000000100000000)
  eden space 20480K, 0% used [0x00000000d5580000,0x00000000d5580000,0x00000000d6980000)
  from space 512K, 97% used [0x00000000d6e00000,0x00000000d6e7c6b0,0x00000000d6e80000)
  to   space 2048K, 0% used [0x00000000d6a80000,0x00000000d6a80000,0x00000000d6c80000)
 ParOldGen       total 381440K, used 50821K [0x0000000080000000, 0x0000000097480000, 0x00000000d5580000)
  object space 381440K, 13% used [0x0000000080000000,0x00000000831a1470,0x0000000097480000)
 Metaspace       used 58569K, committed 59776K, reserved 1114112K
  class space    used 6931K, committed 7488K, reserved 1048576K
}
Event: 13.843 GC heap before
{Heap before GC invocations=113 (full 3):
 PSYoungGen      total 20992K, used 497K [0x00000000d5580000, 0x00000000d6e80000, 0x0000000100000000)
  eden space 20480K, 0% used [0x00000000d5580000,0x00000000d5580000,0x00000000d6980000)
  from space 512K, 97% used [0x00000000d6e00000,0x00000000d6e7c6b0,0x00000000d6e80000)
  to   space 2048K, 0% used [0x00000000d6a80000,0x00000000d6a80000,0x00000000d6c80000)
 ParOldGen       total 381440K, used 50821K [0x0000000080000000, 0x0000000097480000, 0x00000000d5580000)
  object space 381440K, 13% used [0x0000000080000000,0x00000000831a1470,0x0000000097480000)
 Metaspace       used 58569K, committed 59776K, reserved 1114112K
  class space    used 6931K, committed 7488K, reserved 1048576K
}
Event: 13.918 GC heap after
{Heap after GC invocations=113 (full 3):
 PSYoungGen      total 20992K, used 0K [0x00000000d5580000, 0x00000000d6e80000, 0x0000000100000000)
  eden space 20480K, 0% used [0x00000000d5580000,0x00000000d5580000,0x00000000d6980000)
  from space 512K, 0% used [0x00000000d6e00000,0x00000000d6e00000,0x00000000d6e80000)
  to   space 2048K, 0% used [0x00000000d6a80000,0x00000000d6a80000,0x00000000d6c80000)
 ParOldGen       total 381440K, used 47800K [0x0000000080000000, 0x0000000097480000, 0x00000000d5580000)
  object space 381440K, 12% used [0x0000000080000000,0x0000000082eae3e8,0x0000000097480000)
 Metaspace       used 58569K, committed 59776K, reserved 1114112K
  class space    used 6931K, committed 7488K, reserved 1048576K
}
Event: 14.067 GC heap before
{Heap before GC invocations=114 (full 3):
 PSYoungGen      total 20992K, used 20480K [0x00000000d5580000, 0x00000000d6e80000, 0x0000000100000000)
  eden space 20480K, 100% used [0x00000000d5580000,0x00000000d6980000,0x00000000d6980000)
  from space 512K, 0% used [0x00000000d6e00000,0x00000000d6e00000,0x00000000d6e80000)
  to   space 2048K, 0% used [0x00000000d6a80000,0x00000000d6a80000,0x00000000d6c80000)
 ParOldGen       total 381440K, used 47800K [0x0000000080000000, 0x0000000097480000, 0x00000000d5580000)
  object space 381440K, 12% used [0x0000000080000000,0x0000000082eae3e8,0x0000000097480000)
 Metaspace       used 60091K, committed 61440K, reserved 1114112K
  class space    used 7221K, committed 7808K, reserved 1048576K
}
Event: 14.068 GC heap after
{Heap after GC invocations=114 (full 3):
 PSYoungGen      total 22528K, used 576K [0x00000000d5580000, 0x00000000d6e80000, 0x0000000100000000)
  eden space 20480K, 0% used [0x00000000d5580000,0x00000000d5580000,0x00000000d6980000)
  from space 2048K, 28% used [0x00000000d6a80000,0x00000000d6b10010,0x00000000d6c80000)
  to   space 1024K, 0% used [0x00000000d6d80000,0x00000000d6d80000,0x00000000d6e80000)
 ParOldGen       total 381440K, used 47808K [0x0000000080000000, 0x0000000097480000, 0x00000000d5580000)
  object space 381440K, 12% used [0x0000000080000000,0x0000000082eb03e8,0x0000000097480000)
 Metaspace       used 60091K, committed 61440K, reserved 1114112K
  class space    used 7221K, committed 7808K, reserved 1048576K
}
Event: 14.215 GC heap before
{Heap before GC invocations=115 (full 3):
 PSYoungGen      total 22528K, used 21056K [0x00000000d5580000, 0x00000000d6e80000, 0x0000000100000000)
  eden space 20480K, 100% used [0x00000000d5580000,0x00000000d6980000,0x00000000d6980000)
  from space 2048K, 28% used [0x00000000d6a80000,0x00000000d6b10010,0x00000000d6c80000)
  to   space 1024K, 0% used [0x00000000d6d80000,0x00000000d6d80000,0x00000000d6e80000)
 ParOldGen       total 381440K, used 47824K [0x0000000080000000, 0x0000000097480000, 0x00000000d5580000)
  object space 381440K, 12% used [0x0000000080000000,0x0000000082eb4260,0x0000000097480000)
 Metaspace       used 61058K, committed 62336K, reserved 1114112K
  class space    used 7439K, committed 8000K, reserved 1048576K
}
Event: 14.216 GC heap after
{Heap after GC invocations=115 (full 3):
 PSYoungGen      total 21504K, used 1000K [0x00000000d5580000, 0x00000000d6e80000, 0x0000000100000000)
  eden space 20480K, 0% used [0x00000000d5580000,0x00000000d5580000,0x00000000d6980000)
  from space 1024K, 97% used [0x00000000d6d80000,0x00000000d6e7a2d0,0x00000000d6e80000)
  to   space 2048K, 0% used [0x00000000d6a80000,0x00000000d6a80000,0x00000000d6c80000)
 ParOldGen       total 381440K, used 48461K [0x0000000080000000, 0x0000000097480000, 0x00000000d5580000)
  object space 381440K, 12% used [0x0000000080000000,0x0000000082f534a8,0x0000000097480000)
 Metaspace       used 61058K, committed 62336K, reserved 1114112K
  class space    used 7439K, committed 8000K, reserved 1048576K
}

