# JRE version: OpenJDK Runtime Environment Temurin-21.0.8+9 (21.0.8+9) (build 21.0.8+9-LTS)
# Java VM: OpenJDK 64-Bit Server VM Temurin-21.0.8+9 (21.0.8+9-LTS, mixed mode, sharing, tiered, compressed oops, compressed class ptrs, parallel gc, windows-amd64)
GC Precious Log:
 CardTable entry size: 512
 CPUs: 4 total, 4 available
 Memory: 7975M
 Large Page Support: Disabled
 NUMA Support: Disabled
 Compressed Oops: Enabled (32-bit)
 Alignments: Space 512K, Generation 512K, Heap 2M
 Heap Min Capacity: 100M
 Heap Initial Capacity: 100M
 Heap Max Capacity: 2G
 Pre-touch: Disabled
 Parallel Workers: 4
Heap:
 PSYoungGen      total 15360K, used 6379K [0x00000000d5580000, 0x00000000d6780000, 0x0000000100000000)
  eden space 12800K, 31% used [0x00000000d5580000,0x00000000d5961610,0x00000000d6200000)
  from space 2560K, 93% used [0x00000000d6500000,0x00000000d6759670,0x00000000d6780000)
  to   space 2560K, 0% used [0x00000000d6280000,0x00000000d6280000,0x00000000d6500000)
 ParOldGen       total 430592K, used 64659K [0x0000000080000000, 0x000000009a480000, 0x00000000d5580000)
  object space 430592K, 15% used [0x0000000080000000,0x0000000083f24e88,0x000000009a480000)
 Metaspace       used 67587K, committed 69120K, reserved 1114112K
  class space    used 8396K, committed 9088K, reserved 1048576K
GC Heap History (20 events):
Event: 22.518 GC heap after
{Heap after GC invocations=157 (full 3):
 PSYoungGen      total 13824K, used 835K [0x00000000d5580000, 0x00000000d6580000, 0x0000000100000000)
  eden space 12800K, 0% used [0x00000000d5580000,0x00000000d5580000,0x00000000d6200000)
  from space 1024K, 81% used [0x00000000d6480000,0x00000000d6550c88,0x00000000d6580000)
  to   space 1024K, 0% used [0x00000000d6380000,0x00000000d6380000,0x00000000d6480000)
 ParOldGen       total 430592K, used 59013K [0x0000000080000000, 0x000000009a480000, 0x00000000d5580000)
  object space 430592K, 13% used [0x0000000080000000,0x00000000839a1570,0x000000009a480000)
 Metaspace       used 66658K, committed 68032K, reserved 1114112K
  class space    used 8295K, committed 8896K, reserved 1048576K
}
Event: 22.612 GC heap before
{Heap before GC invocations=158 (full 3):
 PSYoungGen      total 13824K, used 13635K [0x00000000d5580000, 0x00000000d6580000, 0x0000000100000000)
  eden space 12800K, 100% used [0x00000000d5580000,0x00000000d6200000,0x00000000d6200000)
  from space 1024K, 81% used [0x00000000d6480000,0x00000000d6550c88,0x00000000d6580000)
  to   space 1024K, 0% used [0x00000000d6380000,0x00000000d6380000,0x00000000d6480000)
 ParOldGen       total 430592K, used 59013K [0x0000000080000000, 0x000000009a480000, 0x00000000d5580000)
  object space 430592K, 13% used [0x0000000080000000,0x00000000839a1570,0x000000009a480000)
 Metaspace       used 66658K, committed 68032K, reserved 1114112K
  class space    used 8295K, committed 8896K, reserved 1048576K
}
Event: 22.613 GC heap after
{Heap after GC invocations=158 (full 3):
 PSYoungGen      total 13312K, used 480K [0x00000000d5580000, 0x00000000d6500000, 0x0000000100000000)
  eden space 12800K, 0% used [0x00000000d5580000,0x00000000d5580000,0x00000000d6200000)
  from space 512K, 93% used [0x00000000d6380000,0x00000000d63f8000,0x00000000d6400000)
  to   space 1024K, 0% used [0x00000000d6400000,0x00000000d6400000,0x00000000d6500000)
 ParOldGen       total 430592K, used 59810K [0x0000000080000000, 0x000000009a480000, 0x00000000d5580000)
  object space 430592K, 13% used [0x0000000080000000,0x0000000083a68918,0x000000009a480000)
 Metaspace       used 66658K, committed 68032K, reserved 1114112K
  class space    used 8295K, committed 8896K, reserved 1048576K
}
Event: 22.801 GC heap before
{Heap before GC invocations=159 (full 3):
 PSYoungGen      total 13312K, used 13280K [0x00000000d5580000, 0x00000000d6500000, 0x0000000100000000)
  eden space 12800K, 100% used [0x00000000d5580000,0x00000000d6200000,0x00000000d6200000)
  from space 512K, 93% used [0x00000000d6380000,0x00000000d63f8000,0x00000000d6400000)
  to   space 1024K, 0% used [0x00000000d6400000,0x00000000d6400000,0x00000000d6500000)
 ParOldGen       total 430592K, used 59810K [0x0000000080000000, 0x000000009a480000, 0x00000000d5580000)
  object space 430592K, 13% used [0x0000000080000000,0x0000000083a68918,0x000000009a480000)
 Metaspace       used 66658K, committed 68032K, reserved 1114112K
  class space    used 8295K, committed 8896K, reserved 1048576K
}
Event: 22.803 GC heap after
{Heap after GC invocations=159 (full 3):
 PSYoungGen      total 13312K, used 256K [0x00000000d5580000, 0x00000000d6480000, 0x0000000100000000)
  eden space 12800K, 0% used [0x00000000d5580000,0x00000000d5580000,0x00000000d6200000)
  from space 512K, 50% used [0x00000000d6400000,0x00000000d6440000,0x00000000d6480000)
  to   space 512K, 0% used [0x00000000d6380000,0x00000000d6380000,0x00000000d6400000)
 ParOldGen       total 430592K, used 60204K [0x0000000080000000, 0x000000009a480000, 0x00000000d5580000)
  object space 430592K, 13% used [0x0000000080000000,0x0000000083acb310,0x000000009a480000)
 Metaspace       used 66658K, committed 68032K, reserved 1114112K
  class space    used 8295K, committed 8896K, reserved 1048576K
}
Event: 22.928 GC heap before
{Heap before GC invocations=160 (full 3):
 PSYoungGen      total 13312K, used 13056K [0x00000000d5580000, 0x00000000d6480000, 0x0000000100000000)
  eden space 12800K, 100% used [0x00000000d5580000,0x00000000d6200000,0x00000000d6200000)
  from space 512K, 50% used [0x00000000d6400000,0x00000000d6440000,0x00000000d6480000)
  to   space 512K, 0% used [0x00000000d6380000,0x00000000d6380000,0x00000000d6400000)
 ParOldGen       total 430592K, used 60204K [0x0000000080000000, 0x000000009a480000, 0x00000000d5580000)
  object space 430592K, 13% used [0x0000000080000000,0x0000000083acb310,0x000000009a480000)
 Metaspace       used 66662K, committed 68032K, reserved 1114112K
  class space    used 8296K, committed 8896K, reserved 1048576K
}
Event: 22.929 GC heap after
{Heap after GC invocations=160 (full 3):
 PSYoungGen      total 13312K, used 320K [0x00000000d5580000, 0x00000000d6480000, 0x0000000100000000)
  eden space 12800K, 0% used [0x00000000d5580000,0x00000000d5580000,0x00000000d6200000)
  from space 512K, 62% used [0x00000000d6380000,0x00000000d63d0000,0x00000000d6400000)
  to   space 512K, 0% used [0x00000000d6400000,0x00000000d6400000,0x00000000d6480000)
 ParOldGen       total 430592K, used 60376K [0x0000000080000000, 0x000000009a480000, 0x00000000d5580000)
  object space 430592K, 14% used [0x0000000080000000,0x0000000083af61b0,0x000000009a480000)
 Metaspace       used 66662K, committed 68032K, reserved 1114112K
  class space    used 8296K, committed 8896K, reserved 1048576K
}
Event: 23.004 GC heap before
{Heap before GC invocations=161 (full 3):
 PSYoungGen      total 13312K, used 13120K [0x00000000d5580000, 0x00000000d6480000, 0x0000000100000000)
  eden space 12800K, 100% used [0x00000000d5580000,0x00000000d6200000,0x00000000d6200000)
  from space 512K, 62% used [0x00000000d6380000,0x00000000d63d0000,0x00000000d6400000)
  to   space 512K, 0% used [0x00000000d6400000,0x00000000d6400000,0x00000000d6480000)
 ParOldGen       total 430592K, used 60376K [0x0000000080000000, 0x000000009a480000, 0x00000000d5580000)
  object space 430592K, 14% used [0x0000000080000000,0x0000000083af61b0,0x000000009a480000)
 Metaspace       used 66662K, committed 68032K, reserved 1114112K
  class space    used 8296K, committed 8896K, reserved 1048576K
}
Event: 23.004 GC heap after
{Heap after GC invocations=161 (full 3):
 PSYoungGen      total 13312K, used 233K [0x00000000d5580000, 0x00000000d6480000, 0x0000000100000000)
  eden space 12800K, 0% used [0x00000000d5580000,0x00000000d5580000,0x00000000d6200000)
  from space 512K, 45% used [0x00000000d6400000,0x00000000d643a770,0x00000000d6480000)
  to   space 512K, 0% used [0x00000000d6380000,0x00000000d6380000,0x00000000d6400000)
 ParOldGen       total 430592K, used 60611K [0x0000000080000000, 0x000000009a480000, 0x00000000d5580000)
  object space 430592K, 14% used [0x0000000080000000,0x0000000083b30ed8,0x000000009a480000)
 Metaspace       used 66662K, committed 68032K, reserved 1114112K
  class space    used 8296K, committed 8896K, reserved 1048576K
}
Event: 23.078 GC heap before
{Heap before GC invocations=162 (full 3):
 PSYoungGen      total 13312K, used 13033K [0x00000000d5580000, 0x00000000d6480000, 0x0000000100000000)
  eden space 12800K, 100% used [0x00000000d5580000,0x00000000d6200000,0x00000000d6200000)
  from space 512K, 45% used [0x00000000d6400000,0x00000000d643a770,0x00000000d6480000)
  to   space 512K, 0% used [0x00000000d6380000,0x00000000d6380000,0x00000000d6400000)
 ParOldGen       total 430592K, used 60611K [0x0000000080000000, 0x000000009a480000, 0x00000000d5580000)
  object space 430592K, 14% used [0x0000000080000000,0x0000000083b30ed8,0x000000009a480000)
 Metaspace       used 66662K, committed 68032K, reserved 1114112K
  class space    used 8296K, committed 8896K, reserved 1048576K
}
Event: 23.078 GC heap after
{Heap after GC invocations=162 (full 3):
 PSYoungGen      total 13312K, used 169K [0x00000000d5580000, 0x00000000d6480000, 0x0000000100000000)
  eden space 12800K, 0% used [0x00000000d5580000,0x00000000d5580000,0x00000000d6200000)
  from space 512K, 33% used [0x00000000d6380000,0x00000000d63aa770,0x00000000d6400000)
  to   space 512K, 0% used [0x00000000d6400000,0x00000000d6400000,0x00000000d6480000)
 ParOldGen       total 430592K, used 60787K [0x0000000080000000, 0x000000009a480000, 0x00000000d5580000)
  object space 430592K, 14% used [0x0000000080000000,0x0000000083b5cf48,0x000000009a480000)
 Metaspace       used 66662K, committed 68032K, reserved 1114112K
  class space    used 8296K, committed 8896K, reserved 1048576K
}
Event: 23.141 GC heap before
{Heap before GC invocations=163 (full 3):
 PSYoungGen      total 13312K, used 12969K [0x00000000d5580000, 0x00000000d6480000, 0x0000000100000000)
  eden space 12800K, 100% used [0x00000000d5580000,0x00000000d6200000,0x00000000d6200000)
  from space 512K, 33% used [0x00000000d6380000,0x00000000d63aa770,0x00000000d6400000)
  to   space 512K, 0% used [0x00000000d6400000,0x00000000d6400000,0x00000000d6480000)
 ParOldGen       total 430592K, used 60787K [0x0000000080000000, 0x000000009a480000, 0x00000000d5580000)
  object space 430592K, 14% used [0x0000000080000000,0x0000000083b5cf48,0x000000009a480000)
 Metaspace       used 66662K, committed 68032K, reserved 1114112K
  class space    used 8296K, committed 8896K, reserved 1048576K
}
Event: 23.142 GC heap after
{Heap after GC invocations=163 (full 3):
 PSYoungGen      total 13312K, used 192K [0x00000000d5580000, 0x00000000d6480000, 0x0000000100000000)
  eden space 12800K, 0% used [0x00000000d5580000,0x00000000d5580000,0x00000000d6200000)
  from space 512K, 37% used [0x00000000d6400000,0x00000000d6430000,0x00000000d6480000)
  to   space 512K, 0% used [0x00000000d6380000,0x00000000d6380000,0x00000000d6400000)
 ParOldGen       total 430592K, used 60932K [0x0000000080000000, 0x000000009a480000, 0x00000000d5580000)
  object space 430592K, 14% used [0x0000000080000000,0x0000000083b81270,0x000000009a480000)
 Metaspace       used 66662K, committed 68032K, reserved 1114112K
  class space    used 8296K, committed 8896K, reserved 1048576K
}
Event: 23.226 GC heap before
{Heap before GC invocations=164 (full 3):
 PSYoungGen      total 13312K, used 12992K [0x00000000d5580000, 0x00000000d6480000, 0x0000000100000000)
  eden space 12800K, 100% used [0x00000000d5580000,0x00000000d6200000,0x00000000d6200000)
  from space 512K, 37% used [0x00000000d6400000,0x00000000d6430000,0x00000000d6480000)
  to   space 512K, 0% used [0x00000000d6380000,0x00000000d6380000,0x00000000d6400000)
 ParOldGen       total 430592K, used 60932K [0x0000000080000000, 0x000000009a480000, 0x00000000d5580000)
  object space 430592K, 14% used [0x0000000080000000,0x0000000083b81270,0x000000009a480000)
 Metaspace       used 66676K, committed 68096K, reserved 1114112K
  class space    used 8300K, committed 8896K, reserved 1048576K
}
Event: 23.227 GC heap after
{Heap after GC invocations=164 (full 3):
 PSYoungGen      total 13312K, used 240K [0x00000000d5580000, 0x00000000d6480000, 0x0000000100000000)
  eden space 12800K, 0% used [0x00000000d5580000,0x00000000d5580000,0x00000000d6200000)
  from space 512K, 46% used [0x00000000d6380000,0x00000000d63bc010,0x00000000d6400000)
  to   space 512K, 0% used [0x00000000d6400000,0x00000000d6400000,0x00000000d6480000)
 ParOldGen       total 430592K, used 61057K [0x0000000080000000, 0x000000009a480000, 0x00000000d5580000)
  object space 430592K, 14% used [0x0000000080000000,0x0000000083ba07e0,0x000000009a480000)
 Metaspace       used 66676K, committed 68096K, reserved 1114112K
  class space    used 8300K, committed 8896K, reserved 1048576K
}
Event: 23.681 GC heap before
{Heap before GC invocations=165 (full 3):
 PSYoungGen      total 13312K, used 13014K [0x00000000d5580000, 0x00000000d6480000, 0x0000000100000000)
  eden space 12800K, 99% used [0x00000000d5580000,0x00000000d61f9be8,0x00000000d6200000)
  from space 512K, 46% used [0x00000000d6380000,0x00000000d63bc010,0x00000000d6400000)
  to   space 512K, 0% used [0x00000000d6400000,0x00000000d6400000,0x00000000d6480000)
 ParOldGen       total 430592K, used 61057K [0x0000000080000000, 0x000000009a480000, 0x00000000d5580000)
  object space 430592K, 14% used [0x0000000080000000,0x0000000083ba07e0,0x000000009a480000)
 Metaspace       used 67448K, committed 68928K, reserved 1114112K
  class space    used 8388K, committed 9088K, reserved 1048576K
}
Event: 23.683 GC heap after
{Heap after GC invocations=165 (full 3):
 PSYoungGen      total 13312K, used 483K [0x00000000d5580000, 0x00000000d6600000, 0x0000000100000000)
  eden space 12800K, 0% used [0x00000000d5580000,0x00000000d5580000,0x00000000d6200000)
  from space 512K, 94% used [0x00000000d6400000,0x00000000d6478d18,0x00000000d6480000)
  to   space 2048K, 0% used [0x00000000d6200000,0x00000000d6200000,0x00000000d6400000)
 ParOldGen       total 430592K, used 61983K [0x0000000080000000, 0x000000009a480000, 0x00000000d5580000)
  object space 430592K, 14% used [0x0000000080000000,0x0000000083c87fc8,0x000000009a480000)
 Metaspace       used 67448K, committed 68928K, reserved 1114112K
  class space    used 8388K, committed 9088K, reserved 1048576K
}
Event: 24.225 GC heap before
{Heap before GC invocations=166 (full 3):
 PSYoungGen      total 13312K, used 13283K [0x00000000d5580000, 0x00000000d6600000, 0x0000000100000000)
  eden space 12800K, 100% used [0x00000000d5580000,0x00000000d6200000,0x00000000d6200000)
  from space 512K, 94% used [0x00000000d6400000,0x00000000d6478d18,0x00000000d6480000)
  to   space 2048K, 0% used [0x00000000d6200000,0x00000000d6200000,0x00000000d6400000)
 ParOldGen       total 430592K, used 61983K [0x0000000080000000, 0x000000009a480000, 0x00000000d5580000)
  object space 430592K, 14% used [0x0000000080000000,0x0000000083c87fc8,0x000000009a480000)
 Metaspace       used 67544K, committed 68992K, reserved 1114112K
  class space    used 8396K, committed 9088K, reserved 1048576K
}
Event: 24.227 GC heap after
{Heap after GC invocations=166 (full 3):
 PSYoungGen      total 14848K, used 2030K [0x00000000d5580000, 0x00000000d6800000, 0x0000000100000000)
  eden space 12800K, 0% used [0x00000000d5580000,0x00000000d5580000,0x00000000d6200000)
  from space 2048K, 99% used [0x00000000d6200000,0x00000000d63fb990,0x00000000d6400000)
  to   space 3072K, 0% used [0x00000000d6500000,0x00000000d6500000,0x00000000d6800000)
 ParOldGen       total 430592K, used 62671K [0x0000000080000000, 0x000000009a480000, 0x00000000d5580000)
  object space 430592K, 14% used [0x0000000080000000,0x0000000083d33ca8,0x000000009a480000)
 Metaspace       used 67544K, committed 68992K, reserved 1114112K
  class space    used 8396K, committed 9088K, reserved 1048576K
}
Event: 24.730 GC heap before
{Heap before GC invocations=167 (full 3):
 PSYoungGen      total 14848K, used 14830K [0x00000000d5580000, 0x00000000d6800000, 0x0000000100000000)
  eden space 12800K, 100% used [0x00000000d5580000,0x00000000d6200000,0x00000000d6200000)
  from space 2048K, 99% used [0x00000000d6200000,0x00000000d63fb990,0x00000000d6400000)
  to   space 3072K, 0% used [0x00000000d6500000,0x00000000d6500000,0x00000000d6800000)
 ParOldGen       total 430592K, used 62671K [0x0000000080000000, 0x000000009a480000, 0x00000000d5580000)
  object space 430592K, 14% used [0x0000000080000000,0x0000000083d33ca8,0x000000009a480000)
 Metaspace       used 67587K, committed 69120K, reserved 1114112K
  class space    used 8396K, committed 9088K, reserved 1048576K
}

