# JRE version: OpenJDK Runtime Environment Temurin-21.0.8+9 (21.0.8+9) (build 21.0.8+9-LTS)
# Java VM: OpenJDK 64-Bit Server VM Temurin-21.0.8+9 (21.0.8+9-LTS, mixed mode, sharing, tiered, compressed oops, compressed class ptrs, parallel gc, windows-amd64)
GC Precious Log:
 CardTable entry size: 512
 CPUs: 4 total, 4 available
 Memory: 7975M
 Large Page Support: Disabled
 NUMA Support: Disabled
 Compressed Oops: Enabled (32-bit)
 Alignments: Space 512K, Generation 512K, Heap 2M
 Heap Min Capacity: 100M
 Heap Initial Capacity: 100M
 Heap Max Capacity: 2G
 Pre-touch: Disabled
 Parallel Workers: 4
Heap:
 PSYoungGen      total 19456K, used 12736K [0x00000000d5580000, 0x00000000d6b80000, 0x0000000100000000)
  eden space 16896K, 67% used [0x00000000d5580000,0x00000000d60a18a0,0x00000000d6600000)
  from space 2560K, 52% used [0x00000000d6700000,0x00000000d684eb58,0x00000000d6980000)
  to   space 2048K, 0% used [0x00000000d6980000,0x00000000d6980000,0x00000000d6b80000)
 ParOldGen       total 412160K, used 54495K [0x0000000080000000, 0x0000000099280000, 0x00000000d5580000)
  object space 412160K, 13% used [0x0000000080000000,0x0000000083537db0,0x0000000099280000)
 Metaspace       used 66094K, committed 67520K, reserved 1114112K
  class space    used 8217K, committed 8832K, reserved 1048576K
GC Heap History (20 events):
Event: 18.411 GC heap before
{Heap before GC invocations=127 (full 3):
 PSYoungGen      total 18944K, used 17685K [0x00000000d5580000, 0x00000000d6d00000, 0x0000000100000000)
  eden space 16896K, 100% used [0x00000000d5580000,0x00000000d6600000,0x00000000d6600000)
  from space 2048K, 38% used [0x00000000d6980000,0x00000000d6a45728,0x00000000d6b80000)
  to   space 1024K, 0% used [0x00000000d6c00000,0x00000000d6c00000,0x00000000d6d00000)
 ParOldGen       total 412160K, used 49128K [0x0000000080000000, 0x0000000099280000, 0x00000000d5580000)
  object space 412160K, 11% used [0x0000000080000000,0x0000000082ffa220,0x0000000099280000)
 Metaspace       used 62783K, committed 64128K, reserved 1114112K
  class space    used 7768K, committed 8320K, reserved 1048576K
}
Event: 18.415 GC heap after
{Heap after GC invocations=127 (full 3):
 PSYoungGen      total 17408K, used 192K [0x00000000d5580000, 0x00000000d6c80000, 0x0000000100000000)
  eden space 16896K, 0% used [0x00000000d5580000,0x00000000d5580000,0x00000000d6600000)
  from space 512K, 37% used [0x00000000d6c00000,0x00000000d6c30000,0x00000000d6c80000)
  to   space 512K, 0% used [0x00000000d6b80000,0x00000000d6b80000,0x00000000d6c00000)
 ParOldGen       total 412160K, used 49193K [0x0000000080000000, 0x0000000099280000, 0x00000000d5580000)
  object space 412160K, 11% used [0x0000000080000000,0x000000008300a5e8,0x0000000099280000)
 Metaspace       used 62783K, committed 64128K, reserved 1114112K
  class space    used 7768K, committed 8320K, reserved 1048576K
}
Event: 18.723 GC heap before
{Heap before GC invocations=128 (full 3):
 PSYoungGen      total 17408K, used 17088K [0x00000000d5580000, 0x00000000d6c80000, 0x0000000100000000)
  eden space 16896K, 100% used [0x00000000d5580000,0x00000000d6600000,0x00000000d6600000)
  from space 512K, 37% used [0x00000000d6c00000,0x00000000d6c30000,0x00000000d6c80000)
  to   space 512K, 0% used [0x00000000d6b80000,0x00000000d6b80000,0x00000000d6c00000)
 ParOldGen       total 412160K, used 49193K [0x0000000080000000, 0x0000000099280000, 0x00000000d5580000)
  object space 412160K, 11% used [0x0000000080000000,0x000000008300a5e8,0x0000000099280000)
 Metaspace       used 62784K, committed 64128K, reserved 1114112K
  class space    used 7768K, committed 8320K, reserved 1048576K
}
Event: 18.725 GC heap after
{Heap after GC invocations=128 (full 3):
 PSYoungGen      total 17408K, used 497K [0x00000000d5580000, 0x00000000d6c80000, 0x0000000100000000)
  eden space 16896K, 0% used [0x00000000d5580000,0x00000000d5580000,0x00000000d6600000)
  from space 512K, 97% used [0x00000000d6b80000,0x00000000d6bfc5d0,0x00000000d6c00000)
  to   space 512K, 0% used [0x00000000d6c00000,0x00000000d6c00000,0x00000000d6c80000)
 ParOldGen       total 412160K, used 49577K [0x0000000080000000, 0x0000000099280000, 0x00000000d5580000)
  object space 412160K, 12% used [0x0000000080000000,0x000000008306a7f8,0x0000000099280000)
 Metaspace       used 62784K, committed 64128K, reserved 1114112K
  class space    used 7768K, committed 8320K, reserved 1048576K
}
Event: 19.068 GC heap before
{Heap before GC invocations=129 (full 3):
 PSYoungGen      total 17408K, used 17393K [0x00000000d5580000, 0x00000000d6c80000, 0x0000000100000000)
  eden space 16896K, 100% used [0x00000000d5580000,0x00000000d6600000,0x00000000d6600000)
  from space 512K, 97% used [0x00000000d6b80000,0x00000000d6bfc5d0,0x00000000d6c00000)
  to   space 512K, 0% used [0x00000000d6c00000,0x00000000d6c00000,0x00000000d6c80000)
 ParOldGen       total 412160K, used 49577K [0x0000000080000000, 0x0000000099280000, 0x00000000d5580000)
  object space 412160K, 12% used [0x0000000080000000,0x000000008306a7f8,0x0000000099280000)
 Metaspace       used 62797K, committed 64128K, reserved 1114112K
  class space    used 7770K, committed 8320K, reserved 1048576K
}
Event: 19.071 GC heap after
{Heap after GC invocations=129 (full 3):
 PSYoungGen      total 17408K, used 480K [0x00000000d5580000, 0x00000000d6c80000, 0x0000000100000000)
  eden space 16896K, 0% used [0x00000000d5580000,0x00000000d5580000,0x00000000d6600000)
  from space 512K, 93% used [0x00000000d6c00000,0x00000000d6c78008,0x00000000d6c80000)
  to   space 1536K, 0% used [0x00000000d6980000,0x00000000d6980000,0x00000000d6b00000)
 ParOldGen       total 412160K, used 50098K [0x0000000080000000, 0x0000000099280000, 0x00000000d5580000)
  object space 412160K, 12% used [0x0000000080000000,0x00000000830ec8f8,0x0000000099280000)
 Metaspace       used 62797K, committed 64128K, reserved 1114112K
  class space    used 7770K, committed 8320K, reserved 1048576K
}
Event: 19.256 GC heap before
{Heap before GC invocations=130 (full 3):
 PSYoungGen      total 17408K, used 17376K [0x00000000d5580000, 0x00000000d6c80000, 0x0000000100000000)
  eden space 16896K, 100% used [0x00000000d5580000,0x00000000d6600000,0x00000000d6600000)
  from space 512K, 93% used [0x00000000d6c00000,0x00000000d6c78008,0x00000000d6c80000)
  to   space 1536K, 0% used [0x00000000d6980000,0x00000000d6980000,0x00000000d6b00000)
 ParOldGen       total 412160K, used 50098K [0x0000000080000000, 0x0000000099280000, 0x00000000d5580000)
  object space 412160K, 12% used [0x0000000080000000,0x00000000830ec8f8,0x0000000099280000)
 Metaspace       used 62808K, committed 64128K, reserved 1114112K
  class space    used 7770K, committed 8320K, reserved 1048576K
}
Event: 19.258 GC heap after
{Heap after GC invocations=130 (full 3):
 PSYoungGen      total 18432K, used 420K [0x00000000d5580000, 0x00000000d6c80000, 0x0000000100000000)
  eden space 16896K, 0% used [0x00000000d5580000,0x00000000d5580000,0x00000000d6600000)
  from space 1536K, 27% used [0x00000000d6980000,0x00000000d69e9390,0x00000000d6b00000)
  to   space 1024K, 0% used [0x00000000d6b80000,0x00000000d6b80000,0x00000000d6c80000)
 ParOldGen       total 412160K, used 50130K [0x0000000080000000, 0x0000000099280000, 0x00000000d5580000)
  object space 412160K, 12% used [0x0000000080000000,0x00000000830f48f8,0x0000000099280000)
 Metaspace       used 62808K, committed 64128K, reserved 1114112K
  class space    used 7770K, committed 8320K, reserved 1048576K
}
Event: 19.378 GC heap before
{Heap before GC invocations=131 (full 3):
 PSYoungGen      total 18432K, used 17316K [0x00000000d5580000, 0x00000000d6c80000, 0x0000000100000000)
  eden space 16896K, 100% used [0x00000000d5580000,0x00000000d6600000,0x00000000d6600000)
  from space 1536K, 27% used [0x00000000d6980000,0x00000000d69e9390,0x00000000d6b00000)
  to   space 1024K, 0% used [0x00000000d6b80000,0x00000000d6b80000,0x00000000d6c80000)
 ParOldGen       total 412160K, used 50130K [0x0000000080000000, 0x0000000099280000, 0x00000000d5580000)
  object space 412160K, 12% used [0x0000000080000000,0x00000000830f48f8,0x0000000099280000)
 Metaspace       used 62817K, committed 64128K, reserved 1114112K
  class space    used 7770K, committed 8320K, reserved 1048576K
}
Event: 19.379 GC heap after
{Heap after GC invocations=131 (full 3):
 PSYoungGen      total 17408K, used 192K [0x00000000d5580000, 0x00000000d6c00000, 0x0000000100000000)
  eden space 16896K, 0% used [0x00000000d5580000,0x00000000d5580000,0x00000000d6600000)
  from space 512K, 37% used [0x00000000d6b80000,0x00000000d6bb0000,0x00000000d6c00000)
  to   space 512K, 0% used [0x00000000d6b00000,0x00000000d6b00000,0x00000000d6b80000)
 ParOldGen       total 412160K, used 50310K [0x0000000080000000, 0x0000000099280000, 0x00000000d5580000)
  object space 412160K, 12% used [0x0000000080000000,0x00000000831218c8,0x0000000099280000)
 Metaspace       used 62817K, committed 64128K, reserved 1114112K
  class space    used 7770K, committed 8320K, reserved 1048576K
}
Event: 19.471 GC heap before
{Heap before GC invocations=132 (full 3):
 PSYoungGen      total 17408K, used 17082K [0x00000000d5580000, 0x00000000d6c00000, 0x0000000100000000)
  eden space 16896K, 99% used [0x00000000d5580000,0x00000000d65febe8,0x00000000d6600000)
  from space 512K, 37% used [0x00000000d6b80000,0x00000000d6bb0000,0x00000000d6c00000)
  to   space 512K, 0% used [0x00000000d6b00000,0x00000000d6b00000,0x00000000d6b80000)
 ParOldGen       total 412160K, used 50310K [0x0000000080000000, 0x0000000099280000, 0x00000000d5580000)
  object space 412160K, 12% used [0x0000000080000000,0x00000000831218c8,0x0000000099280000)
 Metaspace       used 62867K, committed 64192K, reserved 1114112K
  class space    used 7770K, committed 8320K, reserved 1048576K
}
Event: 19.472 GC heap after
{Heap after GC invocations=132 (full 3):
 PSYoungGen      total 17408K, used 494K [0x00000000d5580000, 0x00000000d6c00000, 0x0000000100000000)
  eden space 16896K, 0% used [0x00000000d5580000,0x00000000d5580000,0x00000000d6600000)
  from space 512K, 96% used [0x00000000d6b00000,0x00000000d6b7ba08,0x00000000d6b80000)
  to   space 512K, 0% used [0x00000000d6b80000,0x00000000d6b80000,0x00000000d6c00000)
 ParOldGen       total 412160K, used 51402K [0x0000000080000000, 0x0000000099280000, 0x00000000d5580000)
  object space 412160K, 12% used [0x0000000080000000,0x0000000083232810,0x0000000099280000)
 Metaspace       used 62867K, committed 64192K, reserved 1114112K
  class space    used 7770K, committed 8320K, reserved 1048576K
}
Event: 19.600 GC heap before
{Heap before GC invocations=133 (full 3):
 PSYoungGen      total 17408K, used 17390K [0x00000000d5580000, 0x00000000d6c00000, 0x0000000100000000)
  eden space 16896K, 100% used [0x00000000d5580000,0x00000000d6600000,0x00000000d6600000)
  from space 512K, 96% used [0x00000000d6b00000,0x00000000d6b7ba08,0x00000000d6b80000)
  to   space 512K, 0% used [0x00000000d6b80000,0x00000000d6b80000,0x00000000d6c00000)
 ParOldGen       total 412160K, used 51402K [0x0000000080000000, 0x0000000099280000, 0x00000000d5580000)
  object space 412160K, 12% used [0x0000000080000000,0x0000000083232810,0x0000000099280000)
 Metaspace       used 62876K, committed 64256K, reserved 1114112K
  class space    used 7770K, committed 8320K, reserved 1048576K
}
Event: 19.602 GC heap after
{Heap after GC invocations=133 (full 3):
 PSYoungGen      total 17408K, used 490K [0x00000000d5580000, 0x00000000d6c00000, 0x0000000100000000)
  eden space 16896K, 0% used [0x00000000d5580000,0x00000000d5580000,0x00000000d6600000)
  from space 512K, 95% used [0x00000000d6b80000,0x00000000d6bfa800,0x00000000d6c00000)
  to   space 1536K, 0% used [0x00000000d6900000,0x00000000d6900000,0x00000000d6a80000)
 ParOldGen       total 412160K, used 52040K [0x0000000080000000, 0x0000000099280000, 0x00000000d5580000)
  object space 412160K, 12% used [0x0000000080000000,0x00000000832d2398,0x0000000099280000)
 Metaspace       used 62876K, committed 64256K, reserved 1114112K
  class space    used 7770K, committed 8320K, reserved 1048576K
}
Event: 19.700 GC heap before
{Heap before GC invocations=134 (full 3):
 PSYoungGen      total 17408K, used 17386K [0x00000000d5580000, 0x00000000d6c00000, 0x0000000100000000)
  eden space 16896K, 100% used [0x00000000d5580000,0x00000000d6600000,0x00000000d6600000)
  from space 512K, 95% used [0x00000000d6b80000,0x00000000d6bfa800,0x00000000d6c00000)
  to   space 1536K, 0% used [0x00000000d6900000,0x00000000d6900000,0x00000000d6a80000)
 ParOldGen       total 412160K, used 52040K [0x0000000080000000, 0x0000000099280000, 0x00000000d5580000)
  object space 412160K, 12% used [0x0000000080000000,0x00000000832d2398,0x0000000099280000)
 Metaspace       used 62887K, committed 64256K, reserved 1114112K
  class space    used 7770K, committed 8320K, reserved 1048576K
}
Event: 19.702 GC heap after
{Heap after GC invocations=134 (full 3):
 PSYoungGen      total 18432K, used 536K [0x00000000d5580000, 0x00000000d6c00000, 0x0000000100000000)
  eden space 16896K, 0% used [0x00000000d5580000,0x00000000d5580000,0x00000000d6600000)
  from space 1536K, 34% used [0x00000000d6900000,0x00000000d69862b8,0x00000000d6a80000)
  to   space 1024K, 0% used [0x00000000d6b00000,0x00000000d6b00000,0x00000000d6c00000)
 ParOldGen       total 412160K, used 52349K [0x0000000080000000, 0x0000000099280000, 0x00000000d5580000)
  object space 412160K, 12% used [0x0000000080000000,0x000000008331f630,0x0000000099280000)
 Metaspace       used 62887K, committed 64256K, reserved 1114112K
  class space    used 7770K, committed 8320K, reserved 1048576K
}
Event: 19.923 GC heap before
{Heap before GC invocations=135 (full 3):
 PSYoungGen      total 18432K, used 17432K [0x00000000d5580000, 0x00000000d6c00000, 0x0000000100000000)
  eden space 16896K, 100% used [0x00000000d5580000,0x00000000d6600000,0x00000000d6600000)
  from space 1536K, 34% used [0x00000000d6900000,0x00000000d69862b8,0x00000000d6a80000)
  to   space 1024K, 0% used [0x00000000d6b00000,0x00000000d6b00000,0x00000000d6c00000)
 ParOldGen       total 412160K, used 52349K [0x0000000080000000, 0x0000000099280000, 0x00000000d5580000)
  object space 412160K, 12% used [0x0000000080000000,0x000000008331f630,0x0000000099280000)
 Metaspace       used 64124K, committed 65536K, reserved 1114112K
  class space    used 7945K, committed 8576K, reserved 1048576K
}
Event: 19.925 GC heap after
{Heap after GC invocations=135 (full 3):
 PSYoungGen      total 17920K, used 999K [0x00000000d5580000, 0x00000000d6c00000, 0x0000000100000000)
  eden space 16896K, 0% used [0x00000000d5580000,0x00000000d5580000,0x00000000d6600000)
  from space 1024K, 97% used [0x00000000d6b00000,0x00000000d6bf9eb8,0x00000000d6c00000)
  to   space 2560K, 0% used [0x00000000d6700000,0x00000000d6700000,0x00000000d6980000)
 ParOldGen       total 412160K, used 53489K [0x0000000080000000, 0x0000000099280000, 0x00000000d5580000)
  object space 412160K, 12% used [0x0000000080000000,0x000000008343c548,0x0000000099280000)
 Metaspace       used 64124K, committed 65536K, reserved 1114112K
  class space    used 7945K, committed 8576K, reserved 1048576K
}
Event: 20.284 GC heap before
{Heap before GC invocations=136 (full 3):
 PSYoungGen      total 17920K, used 17895K [0x00000000d5580000, 0x00000000d6c00000, 0x0000000100000000)
  eden space 16896K, 100% used [0x00000000d5580000,0x00000000d6600000,0x00000000d6600000)
  from space 1024K, 97% used [0x00000000d6b00000,0x00000000d6bf9eb8,0x00000000d6c00000)
  to   space 2560K, 0% used [0x00000000d6700000,0x00000000d6700000,0x00000000d6980000)
 ParOldGen       total 412160K, used 53489K [0x0000000080000000, 0x0000000099280000, 0x00000000d5580000)
  object space 412160K, 12% used [0x0000000080000000,0x000000008343c548,0x0000000099280000)
 Metaspace       used 65729K, committed 67136K, reserved 1114112K
  class space    used 8179K, committed 8768K, reserved 1048576K
}
Event: 20.286 GC heap after
{Heap after GC invocations=136 (full 3):
 PSYoungGen      total 19456K, used 1338K [0x00000000d5580000, 0x00000000d6b80000, 0x0000000100000000)
  eden space 16896K, 0% used [0x00000000d5580000,0x00000000d5580000,0x00000000d6600000)
  from space 2560K, 52% used [0x00000000d6700000,0x00000000d684eb58,0x00000000d6980000)
  to   space 2048K, 0% used [0x00000000d6980000,0x00000000d6980000,0x00000000d6b80000)
 ParOldGen       total 412160K, used 54495K [0x0000000080000000, 0x0000000099280000, 0x00000000d5580000)
  object space 412160K, 13% used [0x0000000080000000,0x0000000083537db0,0x0000000099280000)
 Metaspace       used 65729K, committed 67136K, reserved 1114112K
  class space    used 8179K, committed 8768K, reserved 1048576K
}

