# JRE version: OpenJDK Runtime Environment (Red_Hat-17.0.14.0+7-1) (17.0.14+7) (build 17.0.14+7-LTS)
# Java VM: OpenJDK 64-Bit Server VM (Red_Hat-17.0.14.0+7-1) (17.0.14+7-LTS, mixed mode, sharing, tiered, compressed oops, compressed class ptrs, g1 gc, windows-amd64)
GC Precious Log:
 CPUs: 4 total, 4 available
 Memory: 7975M
 Large Page Support: Disabled
 NUMA Support: Disabled
 Compressed Oops: Enabled (Zero based)
 Heap Region Size: 4M
 Heap Min Capacity: 8M
 Heap Initial Capacity: 128M
 Heap Max Capacity: 4608M
 Pre-touch: Disabled
 Parallel Workers: 4
 Concurrent Workers: 1
 Concurrent Refinement Workers: 4
 Periodic GC: Disabled
Heap:
 garbage-first heap   total 888832K, used 529620K [0x00000006e0000000, 0x0000000800000000)
  region size 4096K, 2 young (8192K), 2 survivors (8192K)
 Metaspace       used 151349K, committed 154496K, reserved 1048576K
  class space    used 20598K, committed 22016K, reserved 851968K
GC Heap History (20 events):
Event: 568.939 GC heap after
{Heap after GC invocations=62 (full 0):
 garbage-first heap   total 802816K, used 428344K [0x00000006e0000000, 0x0000000800000000)
  region size 4096K, 6 young (24576K), 6 survivors (24576K)
 Metaspace       used 135770K, committed 138560K, reserved 983040K
  class space    used 18871K, committed 20096K, reserved 851968K
}
Event: 577.496 GC heap before
{Heap before GC invocations=62 (full 0):
 garbage-first heap   total 802816K, used 579896K [0x00000006e0000000, 0x0000000800000000)
  region size 4096K, 43 young (176128K), 6 survivors (24576K)
 Metaspace       used 139524K, committed 142336K, reserved 983040K
  class space    used 19279K, committed 20544K, reserved 851968K
}
Event: 577.736 GC heap after
{Heap after GC invocations=63 (full 0):
 garbage-first heap   total 802816K, used 442778K [0x00000006e0000000, 0x0000000800000000)
  region size 4096K, 6 young (24576K), 6 survivors (24576K)
 Metaspace       used 139524K, committed 142336K, reserved 983040K
  class space    used 19279K, committed 20544K, reserved 851968K
}
Event: 577.810 GC heap before
{Heap before GC invocations=63 (full 0):
 garbage-first heap   total 802816K, used 442778K [0x00000006e0000000, 0x0000000800000000)
  region size 4096K, 7 young (28672K), 6 survivors (24576K)
 Metaspace       used 139608K, committed 142400K, reserved 983040K
  class space    used 19287K, committed 20544K, reserved 851968K
}
Event: 577.871 GC heap after
{Heap after GC invocations=64 (full 0):
 garbage-first heap   total 802816K, used 446464K [0x00000006e0000000, 0x0000000800000000)
  region size 4096K, 1 young (4096K), 1 survivors (4096K)
 Metaspace       used 139608K, committed 142400K, reserved 983040K
  class space    used 19287K, committed 20544K, reserved 851968K
}
Event: 651.734 GC heap before
{Heap before GC invocations=65 (full 0):
 garbage-first heap   total 802816K, used 663552K [0x00000006e0000000, 0x0000000800000000)
  region size 4096K, 55 young (225280K), 1 survivors (4096K)
 Metaspace       used 148850K, committed 151808K, reserved 983040K
  class space    used 20312K, committed 21632K, reserved 851968K
}
Event: 651.808 GC heap after
{Heap after GC invocations=66 (full 0):
 garbage-first heap   total 802816K, used 454043K [0x00000006e0000000, 0x0000000800000000)
  region size 4096K, 3 young (12288K), 3 survivors (12288K)
 Metaspace       used 148850K, committed 151808K, reserved 983040K
  class space    used 20312K, committed 21632K, reserved 851968K
}
Event: 677.889 GC heap before
{Heap before GC invocations=66 (full 0):
 garbage-first heap   total 802816K, used 474523K [0x00000006e0000000, 0x0000000800000000)
  region size 4096K, 9 young (36864K), 3 survivors (12288K)
 Metaspace       used 148952K, committed 151872K, reserved 983040K
  class space    used 20317K, committed 21632K, reserved 851968K
}
Event: 678.150 GC heap after
{Heap after GC invocations=67 (full 0):
 garbage-first heap   total 802816K, used 444509K [0x00000006e0000000, 0x0000000800000000)
  region size 4096K, 1 young (4096K), 1 survivors (4096K)
 Metaspace       used 148952K, committed 151872K, reserved 983040K
  class space    used 20317K, committed 21632K, reserved 851968K
}
Event: 708.487 GC heap before
{Heap before GC invocations=67 (full 0):
 garbage-first heap   total 802816K, used 669789K [0x00000006e0000000, 0x0000000800000000)
  region size 4096K, 56 young (229376K), 1 survivors (4096K)
 Metaspace       used 149166K, committed 152128K, reserved 983040K
  class space    used 20327K, committed 21696K, reserved 851968K
}
Event: 708.571 GC heap after
{Heap after GC invocations=68 (full 0):
 garbage-first heap   total 802816K, used 463488K [0x00000006e0000000, 0x0000000800000000)
  region size 4096K, 6 young (24576K), 6 survivors (24576K)
 Metaspace       used 149166K, committed 152128K, reserved 983040K
  class space    used 20327K, committed 21696K, reserved 851968K
}
Event: 715.437 GC heap before
{Heap before GC invocations=69 (full 0):
 garbage-first heap   total 868352K, used 668288K [0x00000006e0000000, 0x0000000800000000)
  region size 4096K, 56 young (229376K), 6 survivors (24576K)
 Metaspace       used 149492K, committed 152576K, reserved 1048576K
  class space    used 20364K, committed 21760K, reserved 851968K
}
Event: 715.514 GC heap after
{Heap after GC invocations=70 (full 0):
 garbage-first heap   total 868352K, used 490377K [0x00000006e0000000, 0x0000000800000000)
  region size 4096K, 7 young (28672K), 7 survivors (28672K)
 Metaspace       used 149492K, committed 152576K, reserved 1048576K
  class space    used 20364K, committed 21760K, reserved 851968K
}
Event: 715.973 GC heap before
{Heap before GC invocations=70 (full 0):
 garbage-first heap   total 868352K, used 502665K [0x00000006e0000000, 0x0000000800000000)
  region size 4096K, 10 young (40960K), 7 survivors (28672K)
 Metaspace       used 149734K, committed 152768K, reserved 1048576K
  class space    used 20403K, committed 21760K, reserved 851968K
}
Event: 716.068 GC heap after
{Heap after GC invocations=71 (full 0):
 garbage-first heap   total 868352K, used 473060K [0x00000006e0000000, 0x0000000800000000)
  region size 4096K, 2 young (8192K), 2 survivors (8192K)
 Metaspace       used 149734K, committed 152768K, reserved 1048576K
  class space    used 20403K, committed 21760K, reserved 851968K
}
Event: 721.879 GC heap before
{Heap before GC invocations=71 (full 0):
 garbage-first heap   total 868352K, used 706532K [0x00000006e0000000, 0x0000000800000000)
  region size 4096K, 59 young (241664K), 2 survivors (8192K)
 Metaspace       used 150901K, committed 154048K, reserved 1048576K
  class space    used 20562K, committed 21952K, reserved 851968K
}
Event: 721.922 GC heap after
{Heap after GC invocations=72 (full 0):
 garbage-first heap   total 868352K, used 498436K [0x00000006e0000000, 0x0000000800000000)
  region size 4096K, 8 young (32768K), 8 survivors (32768K)
 Metaspace       used 150901K, committed 154048K, reserved 1048576K
  class space    used 20562K, committed 21952K, reserved 851968K
}
Event: 729.846 GC heap before
{Heap before GC invocations=73 (full 0):
 garbage-first heap   total 888832K, used 707332K [0x00000006e0000000, 0x0000000800000000)
  region size 4096K, 59 young (241664K), 8 survivors (32768K)
 Metaspace       used 151336K, committed 154496K, reserved 1048576K
  class space    used 20596K, committed 22016K, reserved 851968K
}
Event: 730.133 GC heap after
{Heap after GC invocations=74 (full 0):
 garbage-first heap   total 888832K, used 530730K [0x00000006e0000000, 0x0000000800000000)
  region size 4096K, 8 young (32768K), 8 survivors (32768K)
 Metaspace       used 151336K, committed 154496K, reserved 1048576K
  class space    used 20596K, committed 22016K, reserved 851968K
}
Event: 730.202 GC heap before
{Heap before GC invocations=74 (full 0):
 garbage-first heap   total 888832K, used 538922K [0x00000006e0000000, 0x0000000800000000)
  region size 4096K, 10 young (40960K), 8 survivors (32768K)
 Metaspace       used 151349K, committed 154496K, reserved 1048576K
  class space    used 20598K, committed 22016K, reserved 851968K
}

