# JRE version: OpenJDK Runtime Environment Temurin-21.0.8+9 (21.0.8+9) (build 21.0.8+9-LTS)
# Java VM: OpenJDK 64-Bit Server VM Temurin-21.0.8+9 (21.0.8+9-LTS, mixed mode, sharing, tiered, compressed oops, compressed class ptrs, parallel gc, windows-amd64)
GC Precious Log:
 CardTable entry size: 512
 CPUs: 4 total, 4 available
 Memory: 7975M
 Large Page Support: Disabled
 NUMA Support: Disabled
 Compressed Oops: Enabled (32-bit)
 Alignments: Space 512K, Generation 512K, Heap 2M
 Heap Min Capacity: 100M
 Heap Initial Capacity: 100M
 Heap Max Capacity: 2G
 Pre-touch: Disabled
 Parallel Workers: 4
Heap:
 PSYoungGen      total 20480K, used 16542K [0x00000000d5580000, 0x00000000d6c00000, 0x0000000100000000)
  eden space 18944K, 81% used [0x00000000d5580000,0x00000000d64a4948,0x00000000d6800000)
  from space 1536K, 67% used [0x00000000d6a80000,0x00000000d6b83088,0x00000000d6c00000)
  to   space 1536K, 0% used [0x00000000d6900000,0x00000000d6900000,0x00000000d6a80000)
 ParOldGen       total 370176K, used 78044K [0x0000000080000000, 0x0000000096980000, 0x00000000d5580000)
  object space 370176K, 21% used [0x0000000080000000,0x0000000084c37278,0x0000000096980000)
 Metaspace       used 67455K, committed 68800K, reserved 1114112K
  class space    used 8346K, committed 8960K, reserved 1048576K
GC Heap History (20 events):
Event: 24.245 GC heap before
{Heap before GC invocations=128 (full 3):
 PSYoungGen      total 20480K, used 20450K [0x00000000d5580000, 0x00000000d7100000, 0x0000000100000000)
  eden space 18944K, 100% used [0x00000000d5580000,0x00000000d6800000,0x00000000d6800000)
  from space 1536K, 98% used [0x00000000d6b80000,0x00000000d6cf8b00,0x00000000d6d00000)
  to   space 3584K, 0% used [0x00000000d6800000,0x00000000d6800000,0x00000000d6b80000)
 ParOldGen       total 370176K, used 62311K [0x0000000080000000, 0x0000000096980000, 0x00000000d5580000)
  object space 370176K, 16% used [0x0000000080000000,0x0000000083cd9dc0,0x0000000096980000)
 Metaspace       used 63488K, committed 64768K, reserved 1114112K
  class space    used 7802K, committed 8320K, reserved 1048576K
}
Event: 24.246 GC heap after
{Heap after GC invocations=128 (full 3):
 PSYoungGen      total 20992K, used 1795K [0x00000000d5580000, 0x00000000d6d00000, 0x0000000100000000)
  eden space 18944K, 0% used [0x00000000d5580000,0x00000000d5580000,0x00000000d6800000)
  from space 2048K, 87% used [0x00000000d6800000,0x00000000d69c0d38,0x00000000d6a00000)
  to   space 2560K, 0% used [0x00000000d6a80000,0x00000000d6a80000,0x00000000d6d00000)
 ParOldGen       total 370176K, used 63513K [0x0000000080000000, 0x0000000096980000, 0x00000000d5580000)
  object space 370176K, 17% used [0x0000000080000000,0x0000000083e066b0,0x0000000096980000)
 Metaspace       used 63488K, committed 64768K, reserved 1114112K
  class space    used 7802K, committed 8320K, reserved 1048576K
}
Event: 24.783 GC heap before
{Heap before GC invocations=129 (full 3):
 PSYoungGen      total 20992K, used 20739K [0x00000000d5580000, 0x00000000d6d00000, 0x0000000100000000)
  eden space 18944K, 100% used [0x00000000d5580000,0x00000000d6800000,0x00000000d6800000)
  from space 2048K, 87% used [0x00000000d6800000,0x00000000d69c0d38,0x00000000d6a00000)
  to   space 2560K, 0% used [0x00000000d6a80000,0x00000000d6a80000,0x00000000d6d00000)
 ParOldGen       total 370176K, used 63513K [0x0000000080000000, 0x0000000096980000, 0x00000000d5580000)
  object space 370176K, 17% used [0x0000000080000000,0x0000000083e066b0,0x0000000096980000)
 Metaspace       used 64984K, committed 66368K, reserved 1114112K
  class space    used 8027K, committed 8640K, reserved 1048576K
}
Event: 24.786 GC heap after
{Heap after GC invocations=129 (full 3):
 PSYoungGen      total 19968K, used 672K [0x00000000d5580000, 0x00000000d6b80000, 0x0000000100000000)
  eden space 18944K, 0% used [0x00000000d5580000,0x00000000d5580000,0x00000000d6800000)
  from space 1024K, 65% used [0x00000000d6a80000,0x00000000d6b28000,0x00000000d6b80000)
  to   space 1536K, 0% used [0x00000000d6880000,0x00000000d6880000,0x00000000d6a00000)
 ParOldGen       total 370176K, used 64194K [0x0000000080000000, 0x0000000096980000, 0x00000000d5580000)
  object space 370176K, 17% used [0x0000000080000000,0x0000000083eb0ad0,0x0000000096980000)
 Metaspace       used 64984K, committed 66368K, reserved 1114112K
  class space    used 8027K, committed 8640K, reserved 1048576K
}
Event: 25.554 GC heap before
{Heap before GC invocations=130 (full 3):
 PSYoungGen      total 19968K, used 19616K [0x00000000d5580000, 0x00000000d6b80000, 0x0000000100000000)
  eden space 18944K, 100% used [0x00000000d5580000,0x00000000d6800000,0x00000000d6800000)
  from space 1024K, 65% used [0x00000000d6a80000,0x00000000d6b28000,0x00000000d6b80000)
  to   space 1536K, 0% used [0x00000000d6880000,0x00000000d6880000,0x00000000d6a00000)
 ParOldGen       total 370176K, used 64194K [0x0000000080000000, 0x0000000096980000, 0x00000000d5580000)
  object space 370176K, 17% used [0x0000000080000000,0x0000000083eb0ad0,0x0000000096980000)
 Metaspace       used 66418K, committed 67776K, reserved 1114112K
  class space    used 8244K, committed 8832K, reserved 1048576K
}
Event: 25.557 GC heap after
{Heap after GC invocations=130 (full 3):
 PSYoungGen      total 20480K, used 672K [0x00000000d5580000, 0x00000000d6b00000, 0x0000000100000000)
  eden space 18944K, 0% used [0x00000000d5580000,0x00000000d5580000,0x00000000d6800000)
  from space 1536K, 43% used [0x00000000d6880000,0x00000000d6928000,0x00000000d6a00000)
  to   space 1024K, 0% used [0x00000000d6a00000,0x00000000d6a00000,0x00000000d6b00000)
 ParOldGen       total 370176K, used 64809K [0x0000000080000000, 0x0000000096980000, 0x00000000d5580000)
  object space 370176K, 17% used [0x0000000080000000,0x0000000083f4a7e0,0x0000000096980000)
 Metaspace       used 66418K, committed 67776K, reserved 1114112K
  class space    used 8244K, committed 8832K, reserved 1048576K
}
Event: 25.897 GC heap before
{Heap before GC invocations=131 (full 3):
 PSYoungGen      total 20480K, used 19616K [0x00000000d5580000, 0x00000000d6b00000, 0x0000000100000000)
  eden space 18944K, 100% used [0x00000000d5580000,0x00000000d6800000,0x00000000d6800000)
  from space 1536K, 43% used [0x00000000d6880000,0x00000000d6928000,0x00000000d6a00000)
  to   space 1024K, 0% used [0x00000000d6a00000,0x00000000d6a00000,0x00000000d6b00000)
 ParOldGen       total 370176K, used 64809K [0x0000000080000000, 0x0000000096980000, 0x00000000d5580000)
  object space 370176K, 17% used [0x0000000080000000,0x0000000083f4a7e0,0x0000000096980000)
 Metaspace       used 66579K, committed 67904K, reserved 1114112K
  class space    used 8261K, committed 8832K, reserved 1048576K
}
Event: 25.901 GC heap after
{Heap after GC invocations=131 (full 3):
 PSYoungGen      total 19968K, used 1024K [0x00000000d5580000, 0x00000000d6c00000, 0x0000000100000000)
  eden space 18944K, 0% used [0x00000000d5580000,0x00000000d5580000,0x00000000d6800000)
  from space 1024K, 100% used [0x00000000d6a00000,0x00000000d6b00000,0x00000000d6b00000)
  to   space 2048K, 0% used [0x00000000d6800000,0x00000000d6800000,0x00000000d6a00000)
 ParOldGen       total 370176K, used 65465K [0x0000000080000000, 0x0000000096980000, 0x00000000d5580000)
  object space 370176K, 17% used [0x0000000080000000,0x0000000083fee7e0,0x0000000096980000)
 Metaspace       used 66579K, committed 67904K, reserved 1114112K
  class space    used 8261K, committed 8832K, reserved 1048576K
}
Event: 26.329 GC heap before
{Heap before GC invocations=132 (full 3):
 PSYoungGen      total 19968K, used 19968K [0x00000000d5580000, 0x00000000d6c00000, 0x0000000100000000)
  eden space 18944K, 100% used [0x00000000d5580000,0x00000000d6800000,0x00000000d6800000)
  from space 1024K, 100% used [0x00000000d6a00000,0x00000000d6b00000,0x00000000d6b00000)
  to   space 2048K, 0% used [0x00000000d6800000,0x00000000d6800000,0x00000000d6a00000)
 ParOldGen       total 370176K, used 65465K [0x0000000080000000, 0x0000000096980000, 0x00000000d5580000)
  object space 370176K, 17% used [0x0000000080000000,0x0000000083fee7e0,0x0000000096980000)
 Metaspace       used 67088K, committed 68416K, reserved 1114112K
  class space    used 8302K, committed 8896K, reserved 1048576K
}
Event: 26.332 GC heap after
{Heap after GC invocations=132 (full 3):
 PSYoungGen      total 20992K, used 2033K [0x00000000d5580000, 0x00000000d7100000, 0x0000000100000000)
  eden space 18944K, 0% used [0x00000000d5580000,0x00000000d5580000,0x00000000d6800000)
  from space 2048K, 99% used [0x00000000d6800000,0x00000000d69fc6b0,0x00000000d6a00000)
  to   space 4608K, 0% used [0x00000000d6c80000,0x00000000d6c80000,0x00000000d7100000)
 ParOldGen       total 370176K, used 67283K [0x0000000080000000, 0x0000000096980000, 0x00000000d5580000)
  object space 370176K, 18% used [0x0000000080000000,0x00000000841b4c48,0x0000000096980000)
 Metaspace       used 67088K, committed 68416K, reserved 1114112K
  class space    used 8302K, committed 8896K, reserved 1048576K
}
Event: 26.642 GC heap before
{Heap before GC invocations=133 (full 3):
 PSYoungGen      total 20992K, used 20977K [0x00000000d5580000, 0x00000000d7100000, 0x0000000100000000)
  eden space 18944K, 100% used [0x00000000d5580000,0x00000000d6800000,0x00000000d6800000)
  from space 2048K, 99% used [0x00000000d6800000,0x00000000d69fc6b0,0x00000000d6a00000)
  to   space 4608K, 0% used [0x00000000d6c80000,0x00000000d6c80000,0x00000000d7100000)
 ParOldGen       total 370176K, used 67283K [0x0000000080000000, 0x0000000096980000, 0x00000000d5580000)
  object space 370176K, 18% used [0x0000000080000000,0x00000000841b4c48,0x0000000096980000)
 Metaspace       used 67295K, committed 68736K, reserved 1114112K
  class space    used 8332K, committed 8960K, reserved 1048576K
}
Event: 26.648 GC heap after
{Heap after GC invocations=133 (full 3):
 PSYoungGen      total 23552K, used 4013K [0x00000000d5580000, 0x00000000d7100000, 0x0000000100000000)
  eden space 18944K, 0% used [0x00000000d5580000,0x00000000d5580000,0x00000000d6800000)
  from space 4608K, 87% used [0x00000000d6c80000,0x00000000d706b450,0x00000000d7100000)
  to   space 4608K, 0% used [0x00000000d6800000,0x00000000d6800000,0x00000000d6c80000)
 ParOldGen       total 370176K, used 69290K [0x0000000080000000, 0x0000000096980000, 0x00000000d5580000)
  object space 370176K, 18% used [0x0000000080000000,0x00000000843aaa40,0x0000000096980000)
 Metaspace       used 67295K, committed 68736K, reserved 1114112K
  class space    used 8332K, committed 8960K, reserved 1048576K
}
Event: 27.278 GC heap before
{Heap before GC invocations=134 (full 3):
 PSYoungGen      total 23552K, used 22957K [0x00000000d5580000, 0x00000000d7100000, 0x0000000100000000)
  eden space 18944K, 100% used [0x00000000d5580000,0x00000000d6800000,0x00000000d6800000)
  from space 4608K, 87% used [0x00000000d6c80000,0x00000000d706b450,0x00000000d7100000)
  to   space 4608K, 0% used [0x00000000d6800000,0x00000000d6800000,0x00000000d6c80000)
 ParOldGen       total 370176K, used 69290K [0x0000000080000000, 0x0000000096980000, 0x00000000d5580000)
  object space 370176K, 18% used [0x0000000080000000,0x00000000843aaa40,0x0000000096980000)
 Metaspace       used 67443K, committed 68800K, reserved 1114112K
  class space    used 8346K, committed 8960K, reserved 1048576K
}
Event: 27.286 GC heap after
{Heap after GC invocations=134 (full 3):
 PSYoungGen      total 22528K, used 3134K [0x00000000d5580000, 0x00000000d6f00000, 0x0000000100000000)
  eden space 18944K, 0% used [0x00000000d5580000,0x00000000d5580000,0x00000000d6800000)
  from space 3584K, 87% used [0x00000000d6800000,0x00000000d6b0fa50,0x00000000d6b80000)
  to   space 3584K, 0% used [0x00000000d6b80000,0x00000000d6b80000,0x00000000d6f00000)
 ParOldGen       total 370176K, used 73024K [0x0000000080000000, 0x0000000096980000, 0x00000000d5580000)
  object space 370176K, 19% used [0x0000000080000000,0x00000000847501f8,0x0000000096980000)
 Metaspace       used 67443K, committed 68800K, reserved 1114112K
  class space    used 8346K, committed 8960K, reserved 1048576K
}
Event: 27.584 GC heap before
{Heap before GC invocations=135 (full 3):
 PSYoungGen      total 22528K, used 22078K [0x00000000d5580000, 0x00000000d6f00000, 0x0000000100000000)
  eden space 18944K, 100% used [0x00000000d5580000,0x00000000d6800000,0x00000000d6800000)
  from space 3584K, 87% used [0x00000000d6800000,0x00000000d6b0fa50,0x00000000d6b80000)
  to   space 3584K, 0% used [0x00000000d6b80000,0x00000000d6b80000,0x00000000d6f00000)
 ParOldGen       total 370176K, used 73024K [0x0000000080000000, 0x0000000096980000, 0x00000000d5580000)
  object space 370176K, 19% used [0x0000000080000000,0x00000000847501f8,0x0000000096980000)
 Metaspace       used 67455K, committed 68800K, reserved 1114112K
  class space    used 8346K, committed 8960K, reserved 1048576K
}
Event: 27.588 GC heap after
{Heap after GC invocations=135 (full 3):
 PSYoungGen      total 20992K, used 1793K [0x00000000d5580000, 0x00000000d6d80000, 0x0000000100000000)
  eden space 18944K, 0% used [0x00000000d5580000,0x00000000d5580000,0x00000000d6800000)
  from space 2048K, 87% used [0x00000000d6b80000,0x00000000d6d40580,0x00000000d6d80000)
  to   space 2560K, 0% used [0x00000000d6880000,0x00000000d6880000,0x00000000d6b00000)
 ParOldGen       total 370176K, used 75904K [0x0000000080000000, 0x0000000096980000, 0x00000000d5580000)
  object space 370176K, 20% used [0x0000000080000000,0x0000000084a20350,0x0000000096980000)
 Metaspace       used 67455K, committed 68800K, reserved 1114112K
  class space    used 8346K, committed 8960K, reserved 1048576K
}
Event: 27.756 GC heap before
{Heap before GC invocations=136 (full 3):
 PSYoungGen      total 20992K, used 20737K [0x00000000d5580000, 0x00000000d6d80000, 0x0000000100000000)
  eden space 18944K, 100% used [0x00000000d5580000,0x00000000d6800000,0x00000000d6800000)
  from space 2048K, 87% used [0x00000000d6b80000,0x00000000d6d40580,0x00000000d6d80000)
  to   space 2560K, 0% used [0x00000000d6880000,0x00000000d6880000,0x00000000d6b00000)
 ParOldGen       total 370176K, used 75904K [0x0000000080000000, 0x0000000096980000, 0x00000000d5580000)
  object space 370176K, 20% used [0x0000000080000000,0x0000000084a20350,0x0000000096980000)
 Metaspace       used 67455K, committed 68800K, reserved 1114112K
  class space    used 8346K, committed 8960K, reserved 1048576K
}
Event: 27.758 GC heap after
{Heap after GC invocations=136 (full 3):
 PSYoungGen      total 19968K, used 524K [0x00000000d5580000, 0x00000000d6c00000, 0x0000000100000000)
  eden space 18944K, 0% used [0x00000000d5580000,0x00000000d5580000,0x00000000d6800000)
  from space 1024K, 51% used [0x00000000d6880000,0x00000000d6903158,0x00000000d6980000)
  to   space 1536K, 0% used [0x00000000d6a80000,0x00000000d6a80000,0x00000000d6c00000)
 ParOldGen       total 370176K, used 77589K [0x0000000080000000, 0x0000000096980000, 0x00000000d5580000)
  object space 370176K, 20% used [0x0000000080000000,0x0000000084bc55d0,0x0000000096980000)
 Metaspace       used 67455K, committed 68800K, reserved 1114112K
  class space    used 8346K, committed 8960K, reserved 1048576K
}
Event: 27.875 GC heap before
{Heap before GC invocations=137 (full 3):
 PSYoungGen      total 19968K, used 19468K [0x00000000d5580000, 0x00000000d6c00000, 0x0000000100000000)
  eden space 18944K, 100% used [0x00000000d5580000,0x00000000d6800000,0x00000000d6800000)
  from space 1024K, 51% used [0x00000000d6880000,0x00000000d6903158,0x00000000d6980000)
  to   space 1536K, 0% used [0x00000000d6a80000,0x00000000d6a80000,0x00000000d6c00000)
 ParOldGen       total 370176K, used 77589K [0x0000000080000000, 0x0000000096980000, 0x00000000d5580000)
  object space 370176K, 20% used [0x0000000080000000,0x0000000084bc55d0,0x0000000096980000)
 Metaspace       used 67455K, committed 68800K, reserved 1114112K
  class space    used 8346K, committed 8960K, reserved 1048576K
}
Event: 27.876 GC heap after
{Heap after GC invocations=137 (full 3):
 PSYoungGen      total 20480K, used 1036K [0x00000000d5580000, 0x00000000d6c00000, 0x0000000100000000)
  eden space 18944K, 0% used [0x00000000d5580000,0x00000000d5580000,0x00000000d6800000)
  from space 1536K, 67% used [0x00000000d6a80000,0x00000000d6b83088,0x00000000d6c00000)
  to   space 1536K, 0% used [0x00000000d6900000,0x00000000d6900000,0x00000000d6a80000)
 ParOldGen       total 370176K, used 78044K [0x0000000080000000, 0x0000000096980000, 0x00000000d5580000)
  object space 370176K, 21% used [0x0000000080000000,0x0000000084c37278,0x0000000096980000)
 Metaspace       used 67455K, committed 68800K, reserved 1114112K
  class space    used 8346K, committed 8960K, reserved 1048576K
}

